2026-06-08 14:03:34.206 +05:30 [WRN] No store type was specified for the decimal property 'TotalFare' on entity type 'Booking'. This will cause values to be silently truncated if they do not fit in the default precision and scale. Explicitly specify the SQL server column type that can accommodate all the values in 'OnModelCreating' using 'HasColumnType', specify precision and scale using 'HasPrecision', or configure a value converter using 'HasConversion'.
2026-06-08 14:03:34.354 +05:30 [WRN] No store type was specified for the decimal property 'ExtraCharge' on entity type 'BookingGuest'. This will cause values to be silently truncated if they do not fit in the default precision and scale. Explicitly specify the SQL server column type that can accommodate all the values in 'OnModelCreating' using 'HasColumnType', specify precision and scale using 'HasPrecision', or configure a value converter using 'HasConversion'.
2026-06-08 14:03:34.418 +05:30 [WRN] No store type was specified for the decimal property 'Amount' on entity type 'Payment'. This will cause values to be silently truncated if they do not fit in the default precision and scale. Explicitly specify the SQL server column type that can accommodate all the values in 'OnModelCreating' using 'HasColumnType', specify precision and scale using 'HasPrecision', or configure a value converter using 'HasConversion'.
2026-06-08 14:03:34.502 +05:30 [WRN] No store type was specified for the decimal property 'RefundAmount' on entity type 'Refund'. This will cause values to be silently truncated if they do not fit in the default precision and scale. Explicitly specify the SQL server column type that can accommodate all the values in 'OnModelCreating' using 'HasColumnType', specify precision and scale using 'HasPrecision', or configure a value converter using 'HasConversion'.
2026-06-08 14:03:34.569 +05:30 [WRN] No store type was specified for the decimal property 'BaseFare' on entity type 'Room'. This will cause values to be silently truncated if they do not fit in the default precision and scale. Explicitly specify the SQL server column type that can accommodate all the values in 'OnModelCreating' using 'HasColumnType', specify precision and scale using 'HasPrecision', or configure a value converter using 'HasConversion'.
2026-06-08 14:03:35.162 +05:30 [INF] Executed DbCommand (32ms) [Parameters=[], CommandType='"Text"', CommandTimeout='30']
SELECT 1
2026-06-08 14:03:35.282 +05:30 [INF] Executed DbCommand (90ms) [Parameters=[], CommandType='"Text"', CommandTimeout='30']

IF EXISTS
    (SELECT *
     FROM [sys].[objects] o
     WHERE [o].[type] = 'U'
     AND [o].[is_ms_shipped] = 0
     AND [o].[object_id] NOT IN (SELECT [ep].[major_id]
        FROM [sys].[extended_properties] AS [ep]
        WHERE [ep].[minor_id] = 0
            AND [ep].[class] = 1
            AND [ep].[name] = N'microsoft_database_tools_support'
    )
)
SELECT 1 ELSE SELECT 0
2026-06-08 14:03:35.801 +05:30 [INF] Executed DbCommand (17ms) [Parameters=[], CommandType='"Text"', CommandTimeout='30']
SELECT CASE
    WHEN EXISTS (
        SELECT 1
        FROM [Users] AS [u]
        WHERE [u].[Email] = N'admin@cozyhaven.com') THEN CAST(1 AS bit)
    ELSE CAST(0 AS bit)
END
2026-06-08 14:03:35.855 +05:30 [INF] User profile is available. Using 'C:\Users\kamalesh\AppData\Local\ASP.NET\DataProtection-Keys' as key repository and Windows DPAPI to encrypt keys at rest.
2026-06-08 14:03:36.206 +05:30 [INF] Now listening on: https://localhost:7077
2026-06-08 14:03:36.217 +05:30 [INF] Now listening on: http://localhost:5016
2026-06-08 14:03:36.522 +05:30 [INF] Application started. Press Ctrl+C to shut down.
2026-06-08 14:03:36.558 +05:30 [INF] Hosting environment: Development
2026-06-08 14:03:36.572 +05:30 [INF] Content root path: C:\Users\kamalesh\source\repos\training\CozyHavenStay.API
2026-06-08 14:03:38.478 +05:30 [INF] Request starting HTTP/2 GET https://localhost:7077/swagger/index.html - null null
2026-06-08 14:03:39.557 +05:30 [INF] Request finished HTTP/2 GET https://localhost:7077/swagger/index.html - 304 null null 1093.9809ms
2026-06-08 14:03:39.572 +05:30 [INF] Request starting HTTP/2 GET https://localhost:7077/_framework/aspnetcore-browser-refresh.js - null null
2026-06-08 14:03:39.608 +05:30 [INF] Request starting HTTP/2 GET https://localhost:7077/swagger/index.js - null null
2026-06-08 14:03:39.608 +05:30 [INF] Request starting HTTP/2 GET https://localhost:7077/swagger/swagger-ui-standalone-preset.js - null null
2026-06-08 14:03:39.572 +05:30 [INF] Request starting HTTP/2 GET https://localhost:7077/swagger/swagger-ui-bundle.js - null null
2026-06-08 14:03:39.692 +05:30 [INF] Request finished HTTP/2 GET https://localhost:7077/swagger/index.js - 304 null null 84.8326ms
2026-06-08 14:03:39.572 +05:30 [INF] Request starting HTTP/2 GET https://localhost:7077/swagger/swagger-ui.css - null null
2026-06-08 14:03:39.572 +05:30 [INF] Request starting HTTP/2 GET https://localhost:7077/swagger/index.css - null null
2026-06-08 14:03:39.620 +05:30 [INF] Request starting HTTP/2 GET https://localhost:7077/_vs/browserLink - null null
2026-06-08 14:03:39.680 +05:30 [INF] Request finished HTTP/2 GET https://localhost:7077/_framework/aspnetcore-browser-refresh.js - 200 14939 application/javascript; charset=utf-8 108.3628ms
2026-06-08 14:03:39.778 +05:30 [INF] Request finished HTTP/2 GET https://localhost:7077/swagger/swagger-ui-standalone-preset.js - 304 null null 170.2268ms
2026-06-08 14:03:39.848 +05:30 [INF] Request finished HTTP/2 GET https://localhost:7077/swagger/swagger-ui-bundle.js - 304 null null 275.8456ms
2026-06-08 14:03:39.881 +05:30 [INF] Request finished HTTP/2 GET https://localhost:7077/swagger/swagger-ui.css - 304 null null 309.2171ms
2026-06-08 14:03:39.906 +05:30 [INF] Request finished HTTP/2 GET https://localhost:7077/swagger/index.css - 304 null null 333.5962ms
2026-06-08 14:03:40.274 +05:30 [INF] Request finished HTTP/2 GET https://localhost:7077/_vs/browserLink - 200 null text/javascript; charset=UTF-8 654.4691ms
2026-06-08 14:03:40.321 +05:30 [INF] Request starting HTTP/2 GET https://localhost:7077/swagger/v1/swagger.json - null null
2026-06-08 14:03:40.645 +05:30 [INF] Request finished HTTP/2 GET https://localhost:7077/swagger/v1/swagger.json - 200 null application/json;charset=utf-8 323.9471ms
2026-06-08 14:03:58.914 +05:30 [INF] Request starting HTTP/2 GET https://localhost:7077/api/v1/Admin/stats - null null
2026-06-08 14:03:59.158 +05:30 [INF] Authorization failed. These requirements were not met:
RolesAuthorizationRequirement:User.IsInRole must be true for one of the following roles: (Admin)
2026-06-08 14:03:59.176 +05:30 [INF] AuthenticationScheme: Bearer was challenged.
2026-06-08 14:03:59.184 +05:30 [INF] Request finished HTTP/2 GET https://localhost:7077/api/v1/Admin/stats - 401 0 null 270.514ms
2026-06-08 14:05:46.730 +05:30 [INF] Request starting HTTP/2 OPTIONS https://localhost:7077/api/v1/Auth/login - null null
2026-06-08 14:05:46.837 +05:30 [INF] CORS policy execution successful.
2026-06-08 14:05:46.905 +05:30 [INF] Request finished HTTP/2 OPTIONS https://localhost:7077/api/v1/Auth/login - 204 null null 174.5125ms
2026-06-08 14:05:46.909 +05:30 [INF] Request starting HTTP/2 POST https://localhost:7077/api/v1/Auth/login - application/json 54
2026-06-08 14:05:47.134 +05:30 [INF] CORS policy execution successful.
2026-06-08 14:05:47.245 +05:30 [INF] Executing endpoint 'CozyHavenStay.API.Controllers.AuthController.Login (CozyHavenStay.API)'
2026-06-08 14:05:47.423 +05:30 [INF] Route matched with {action = "Login", controller = "Auth"}. Executing controller action with signature System.Threading.Tasks.Task`1[Microsoft.AspNetCore.Mvc.IActionResult] Login(CozyHavenStay.API.DTOs.LoginDto) on controller CozyHavenStay.API.Controllers.AuthController (CozyHavenStay.API).
2026-06-08 14:05:48.179 +05:30 [INF] Executed DbCommand (153ms) [Parameters=[@login_Email='?' (Size = 4000)], CommandType='"Text"', CommandTimeout='30']
SELECT TOP(1) [u].[UserId], [u].[Address], [u].[CreatedAt], [u].[Email], [u].[FullName], [u].[Gender], [u].[IsActive], [u].[Password], [u].[PhoneNumber], [u].[Role]
FROM [Users] AS [u]
WHERE [u].[Email] = @login_Email
2026-06-08 14:05:49.604 +05:30 [INF] Executing OkObjectResult, writing value of type '<>f__AnonymousType7`4[[System.String, System.Private.CoreLib, Version=10.0.0.0, Culture=neutral, PublicKeyToken=7cec85d7bea7798e],[System.String, System.Private.CoreLib, Version=10.0.0.0, Culture=neutral, PublicKeyToken=7cec85d7bea7798e],[System.String, System.Private.CoreLib, Version=10.0.0.0, Culture=neutral, PublicKeyToken=7cec85d7bea7798e],[System.Int32, System.Private.CoreLib, Version=10.0.0.0, Culture=neutral, PublicKeyToken=7cec85d7bea7798e]]'.
2026-06-08 14:05:49.653 +05:30 [INF] Executed action CozyHavenStay.API.Controllers.AuthController.Login (CozyHavenStay.API) in 2175.7514ms
2026-06-08 14:05:49.663 +05:30 [INF] Executed endpoint 'CozyHavenStay.API.Controllers.AuthController.Login (CozyHavenStay.API)'
2026-06-08 14:05:49.684 +05:30 [INF] Request finished HTTP/2 POST https://localhost:7077/api/v1/Auth/login - 200 null application/json; charset=utf-8 2774.9483ms
2026-06-08 14:05:49.714 +05:30 [INF] Request starting HTTP/2 OPTIONS https://localhost:7077/api/v1/Admin/stats - null null
2026-06-08 14:05:49.714 +05:30 [INF] Request starting HTTP/2 OPTIONS https://localhost:7077/api/v1/Admin/stats - null null
2026-06-08 14:05:49.758 +05:30 [INF] CORS policy execution successful.
2026-06-08 14:05:49.763 +05:30 [INF] CORS policy execution successful.
2026-06-08 14:05:49.766 +05:30 [INF] Request finished HTTP/2 OPTIONS https://localhost:7077/api/v1/Admin/stats - 204 null null 51.9339ms
2026-06-08 14:05:49.771 +05:30 [INF] Request starting HTTP/2 GET https://localhost:7077/api/v1/Admin/stats - null null
2026-06-08 14:05:49.772 +05:30 [INF] Request finished HTTP/2 OPTIONS https://localhost:7077/api/v1/Admin/stats - 204 null null 57.6505ms
2026-06-08 14:05:49.855 +05:30 [INF] CORS policy execution successful.
2026-06-08 14:05:50.089 +05:30 [INF] Executing endpoint 'CozyHavenStay.API.Controllers.AdminController.GetSystemStats (CozyHavenStay.API)'
2026-06-08 14:05:50.288 +05:30 [INF] Route matched with {action = "GetSystemStats", controller = "Admin"}. Executing controller action with signature System.Threading.Tasks.Task`1[Microsoft.AspNetCore.Mvc.IActionResult] GetSystemStats() on controller CozyHavenStay.API.Controllers.AdminController (CozyHavenStay.API).
2026-06-08 14:05:50.864 +05:30 [INF] Executed DbCommand (10ms) [Parameters=[], CommandType='"Text"', CommandTimeout='30']
SELECT COUNT(*)
FROM [Users] AS [u]
2026-06-08 14:05:50.916 +05:30 [INF] Executed DbCommand (9ms) [Parameters=[], CommandType='"Text"', CommandTimeout='30']
SELECT COUNT(*)
FROM [Hotels] AS [h]
2026-06-08 14:05:50.944 +05:30 [INF] Executed DbCommand (9ms) [Parameters=[], CommandType='"Text"', CommandTimeout='30']
SELECT COUNT(*)
FROM [Rooms] AS [r]
2026-06-08 14:05:50.972 +05:30 [INF] Executed DbCommand (7ms) [Parameters=[], CommandType='"Text"', CommandTimeout='30']
SELECT COUNT(*)
FROM [Bookings] AS [b]
2026-06-08 14:05:51.052 +05:30 [INF] Executed DbCommand (11ms) [Parameters=[], CommandType='"Text"', CommandTimeout='30']
SELECT COALESCE(SUM([p].[Amount]), 0.0)
FROM [Payments] AS [p]
WHERE [p].[PaymentStatus] = N'Success'
2026-06-08 14:05:51.076 +05:30 [INF] Executing OkObjectResult, writing value of type '<>f__AnonymousType0`5[[System.Int32, System.Private.CoreLib, Version=10.0.0.0, Culture=neutral, PublicKeyToken=7cec85d7bea7798e],[System.Int32, System.Private.CoreLib, Version=10.0.0.0, Culture=neutral, PublicKeyToken=7cec85d7bea7798e],[System.Int32, System.Private.CoreLib, Version=10.0.0.0, Culture=neutral, PublicKeyToken=7cec85d7bea7798e],[System.Int32, System.Private.CoreLib, Version=10.0.0.0, Culture=neutral, PublicKeyToken=7cec85d7bea7798e],[System.Decimal, System.Private.CoreLib, Version=10.0.0.0, Culture=neutral, PublicKeyToken=7cec85d7bea7798e]]'.
2026-06-08 14:05:51.121 +05:30 [INF] Executed action CozyHavenStay.API.Controllers.AdminController.GetSystemStats (CozyHavenStay.API) in 689.3989ms
2026-06-08 14:05:51.124 +05:30 [INF] Request starting HTTP/2 GET https://localhost:7077/api/v1/Admin/stats - null null
2026-06-08 14:05:51.125 +05:30 [INF] Executed endpoint 'CozyHavenStay.API.Controllers.AdminController.GetSystemStats (CozyHavenStay.API)'
2026-06-08 14:05:51.130 +05:30 [INF] CORS policy execution successful.
2026-06-08 14:05:51.131 +05:30 [INF] Request finished HTTP/2 GET https://localhost:7077/api/v1/Admin/stats - 200 null application/json; charset=utf-8 1360.1549ms
2026-06-08 14:05:51.140 +05:30 [INF] Executing endpoint 'CozyHavenStay.API.Controllers.AdminController.GetSystemStats (CozyHavenStay.API)'
2026-06-08 14:05:51.157 +05:30 [INF] Route matched with {action = "GetSystemStats", controller = "Admin"}. Executing controller action with signature System.Threading.Tasks.Task`1[Microsoft.AspNetCore.Mvc.IActionResult] GetSystemStats() on controller CozyHavenStay.API.Controllers.AdminController (CozyHavenStay.API).
2026-06-08 14:05:51.167 +05:30 [INF] Executed DbCommand (3ms) [Parameters=[], CommandType='"Text"', CommandTimeout='30']
SELECT COUNT(*)
FROM [Users] AS [u]
2026-06-08 14:05:51.362 +05:30 [INF] Executed DbCommand (7ms) [Parameters=[], CommandType='"Text"', CommandTimeout='30']
SELECT COUNT(*)
FROM [Hotels] AS [h]
2026-06-08 14:05:51.639 +05:30 [INF] Executed DbCommand (7ms) [Parameters=[], CommandType='"Text"', CommandTimeout='30']
SELECT COUNT(*)
FROM [Rooms] AS [r]
2026-06-08 14:05:51.997 +05:30 [INF] Executed DbCommand (2ms) [Parameters=[], CommandType='"Text"', CommandTimeout='30']
SELECT COUNT(*)
FROM [Bookings] AS [b]
2026-06-08 14:05:52.356 +05:30 [INF] Executed DbCommand (4ms) [Parameters=[], CommandType='"Text"', CommandTimeout='30']
SELECT COALESCE(SUM([p].[Amount]), 0.0)
FROM [Payments] AS [p]
WHERE [p].[PaymentStatus] = N'Success'
2026-06-08 14:05:52.513 +05:30 [INF] Executing OkObjectResult, writing value of type '<>f__AnonymousType0`5[[System.Int32, System.Private.CoreLib, Version=10.0.0.0, Culture=neutral, PublicKeyToken=7cec85d7bea7798e],[System.Int32, System.Private.CoreLib, Version=10.0.0.0, Culture=neutral, PublicKeyToken=7cec85d7bea7798e],[System.Int32, System.Private.CoreLib, Version=10.0.0.0, Culture=neutral, PublicKeyToken=7cec85d7bea7798e],[System.Int32, System.Private.CoreLib, Version=10.0.0.0, Culture=neutral, PublicKeyToken=7cec85d7bea7798e],[System.Decimal, System.Private.CoreLib, Version=10.0.0.0, Culture=neutral, PublicKeyToken=7cec85d7bea7798e]]'.
2026-06-08 14:05:52.657 +05:30 [INF] Executed action CozyHavenStay.API.Controllers.AdminController.GetSystemStats (CozyHavenStay.API) in 1497.6222ms
2026-06-08 14:05:52.865 +05:30 [INF] Executed endpoint 'CozyHavenStay.API.Controllers.AdminController.GetSystemStats (CozyHavenStay.API)'
2026-06-08 14:05:53.024 +05:30 [INF] Request finished HTTP/2 GET https://localhost:7077/api/v1/Admin/stats - 200 null application/json; charset=utf-8 1899.9207ms
2026-06-08 14:06:40.853 +05:30 [INF] Request starting HTTP/2 POST https://localhost:7077/api/v1/Auth/login - application/json 62
2026-06-08 14:06:40.905 +05:30 [INF] CORS policy execution failed.
2026-06-08 14:06:40.918 +05:30 [INF] Request origin https://localhost:7077 does not have permission to access the resource.
2026-06-08 14:06:40.933 +05:30 [INF] Executing endpoint 'CozyHavenStay.API.Controllers.AuthController.Login (CozyHavenStay.API)'
2026-06-08 14:06:40.944 +05:30 [INF] Route matched with {action = "Login", controller = "Auth"}. Executing controller action with signature System.Threading.Tasks.Task`1[Microsoft.AspNetCore.Mvc.IActionResult] Login(CozyHavenStay.API.DTOs.LoginDto) on controller CozyHavenStay.API.Controllers.AuthController (CozyHavenStay.API).
2026-06-08 14:06:40.993 +05:30 [INF] Executing BadRequestObjectResult, writing value of type 'Microsoft.AspNetCore.Mvc.ValidationProblemDetails'.
2026-06-08 14:06:41.060 +05:30 [INF] Executed action CozyHavenStay.API.Controllers.AuthController.Login (CozyHavenStay.API) in 94.7862ms
2026-06-08 14:06:41.066 +05:30 [INF] Executed endpoint 'CozyHavenStay.API.Controllers.AuthController.Login (CozyHavenStay.API)'
2026-06-08 14:06:41.072 +05:30 [INF] Request finished HTTP/2 POST https://localhost:7077/api/v1/Auth/login - 400 null application/problem+json; charset=utf-8 219.6137ms
2026-06-08 14:07:47.362 +05:30 [INF] Request starting HTTP/2 POST https://localhost:7077/api/v1/Auth/login - application/json 63
2026-06-08 14:07:47.385 +05:30 [INF] CORS policy execution failed.
2026-06-08 14:07:47.386 +05:30 [INF] Request origin https://localhost:7077 does not have permission to access the resource.
2026-06-08 14:07:47.388 +05:30 [INF] Executing endpoint 'CozyHavenStay.API.Controllers.AuthController.Login (CozyHavenStay.API)'
2026-06-08 14:07:47.389 +05:30 [INF] Route matched with {action = "Login", controller = "Auth"}. Executing controller action with signature System.Threading.Tasks.Task`1[Microsoft.AspNetCore.Mvc.IActionResult] Login(CozyHavenStay.API.DTOs.LoginDto) on controller CozyHavenStay.API.Controllers.AuthController (CozyHavenStay.API).
2026-06-08 14:07:47.395 +05:30 [INF] Executed DbCommand (1ms) [Parameters=[@login_Email='?' (Size = 4000)], CommandType='"Text"', CommandTimeout='30']
SELECT TOP(1) [u].[UserId], [u].[Address], [u].[CreatedAt], [u].[Email], [u].[FullName], [u].[Gender], [u].[IsActive], [u].[Password], [u].[PhoneNumber], [u].[Role]
FROM [Users] AS [u]
WHERE [u].[Email] = @login_Email
2026-06-08 14:07:47.760 +05:30 [INF] Executing OkObjectResult, writing value of type '<>f__AnonymousType7`4[[System.String, System.Private.CoreLib, Version=10.0.0.0, Culture=neutral, PublicKeyToken=7cec85d7bea7798e],[System.String, System.Private.CoreLib, Version=10.0.0.0, Culture=neutral, PublicKeyToken=7cec85d7bea7798e],[System.String, System.Private.CoreLib, Version=10.0.0.0, Culture=neutral, PublicKeyToken=7cec85d7bea7798e],[System.Int32, System.Private.CoreLib, Version=10.0.0.0, Culture=neutral, PublicKeyToken=7cec85d7bea7798e]]'.
2026-06-08 14:07:47.764 +05:30 [INF] Executed action CozyHavenStay.API.Controllers.AuthController.Login (CozyHavenStay.API) in 372.3569ms
2026-06-08 14:07:47.769 +05:30 [INF] Executed endpoint 'CozyHavenStay.API.Controllers.AuthController.Login (CozyHavenStay.API)'
2026-06-08 14:07:47.771 +05:30 [INF] Request finished HTTP/2 POST https://localhost:7077/api/v1/Auth/login - 200 null application/json; charset=utf-8 409.3509ms
2026-06-08 14:08:15.660 +05:30 [INF] Request starting HTTP/2 GET https://localhost:7077/api/v1/Admin/stats - null null
2026-06-08 14:08:15.685 +05:30 [INF] Executing endpoint 'CozyHavenStay.API.Controllers.AdminController.GetSystemStats (CozyHavenStay.API)'
2026-06-08 14:08:15.699 +05:30 [INF] Route matched with {action = "GetSystemStats", controller = "Admin"}. Executing controller action with signature System.Threading.Tasks.Task`1[Microsoft.AspNetCore.Mvc.IActionResult] GetSystemStats() on controller CozyHavenStay.API.Controllers.AdminController (CozyHavenStay.API).
2026-06-08 14:08:15.727 +05:30 [INF] Executed DbCommand (4ms) [Parameters=[], CommandType='"Text"', CommandTimeout='30']
SELECT COUNT(*)
FROM [Users] AS [u]
2026-06-08 14:08:15.780 +05:30 [INF] Executed DbCommand (1ms) [Parameters=[], CommandType='"Text"', CommandTimeout='30']
SELECT COUNT(*)
FROM [Hotels] AS [h]
2026-06-08 14:08:15.801 +05:30 [INF] Executed DbCommand (3ms) [Parameters=[], CommandType='"Text"', CommandTimeout='30']
SELECT COUNT(*)
FROM [Rooms] AS [r]
2026-06-08 14:08:15.808 +05:30 [INF] Executed DbCommand (1ms) [Parameters=[], CommandType='"Text"', CommandTimeout='30']
SELECT COUNT(*)
FROM [Bookings] AS [b]
2026-06-08 14:08:15.821 +05:30 [INF] Executed DbCommand (2ms) [Parameters=[], CommandType='"Text"', CommandTimeout='30']
SELECT COALESCE(SUM([p].[Amount]), 0.0)
FROM [Payments] AS [p]
WHERE [p].[PaymentStatus] = N'Success'
2026-06-08 14:08:15.859 +05:30 [INF] Executing OkObjectResult, writing value of type '<>f__AnonymousType0`5[[System.Int32, System.Private.CoreLib, Version=10.0.0.0, Culture=neutral, PublicKeyToken=7cec85d7bea7798e],[System.Int32, System.Private.CoreLib, Version=10.0.0.0, Culture=neutral, PublicKeyToken=7cec85d7bea7798e],[System.Int32, System.Private.CoreLib, Version=10.0.0.0, Culture=neutral, PublicKeyToken=7cec85d7bea7798e],[System.Int32, System.Private.CoreLib, Version=10.0.0.0, Culture=neutral, PublicKeyToken=7cec85d7bea7798e],[System.Decimal, System.Private.CoreLib, Version=10.0.0.0, Culture=neutral, PublicKeyToken=7cec85d7bea7798e]]'.
2026-06-08 14:08:15.894 +05:30 [INF] Executed action CozyHavenStay.API.Controllers.AdminController.GetSystemStats (CozyHavenStay.API) in 174.7996ms
2026-06-08 14:08:15.923 +05:30 [INF] Executed endpoint 'CozyHavenStay.API.Controllers.AdminController.GetSystemStats (CozyHavenStay.API)'
2026-06-08 14:08:15.931 +05:30 [INF] Request finished HTTP/2 GET https://localhost:7077/api/v1/Admin/stats - 200 null application/json; charset=utf-8 270.5951ms
2026-06-08 14:08:25.088 +05:30 [INF] Request starting HTTP/2 GET https://localhost:7077/api/v1/Admin/revenue-report - null null
2026-06-08 14:08:25.098 +05:30 [INF] Executing endpoint 'CozyHavenStay.API.Controllers.AdminController.GetRevenueReport (CozyHavenStay.API)'
2026-06-08 14:08:25.122 +05:30 [INF] Route matched with {action = "GetRevenueReport", controller = "Admin"}. Executing controller action with signature System.Threading.Tasks.Task`1[Microsoft.AspNetCore.Mvc.IActionResult] GetRevenueReport() on controller CozyHavenStay.API.Controllers.AdminController (CozyHavenStay.API).
2026-06-08 14:08:25.494 +05:30 [INF] Executed DbCommand (71ms) [Parameters=[], CommandType='"Text"', CommandTimeout='30']
SELECT [s].[HotelId], [s].[HotelName], [s].[c], [s].[c0], [s0].[BookingId], [s0].[GuestName], [s0].[CheckInDate], [s0].[CheckOutDate], [s0].[TotalFare], [s0].[BookingStatus], [s0].[RoomId], [s0].[HotelId], [s0].[UserId]
FROM (
    SELECT [h].[HotelId], [h].[HotelName], COUNT(*) AS [c], COALESCE(SUM([b].[TotalFare]), 0.0) AS [c0]
    FROM [Bookings] AS [b]
    INNER JOIN [Rooms] AS [r] ON [b].[RoomId] = [r].[RoomId]
    INNER JOIN [Hotels] AS [h] ON [r].[HotelId] = [h].[HotelId]
    WHERE [b].[BookingStatus] <> N'Cancelled' OR [b].[BookingStatus] IS NULL
    GROUP BY [h].[HotelId], [h].[HotelName]
) AS [s]
LEFT JOIN (
    SELECT [b0].[BookingId], [u].[FullName] AS [GuestName], [b0].[CheckInDate], [b0].[CheckOutDate], [b0].[TotalFare], [b0].[BookingStatus], [r0].[RoomId], [h0].[HotelId], [u].[UserId], [b0].[BookingDate], [h0].[HotelName]
    FROM [Bookings] AS [b0]
    INNER JOIN [Rooms] AS [r0] ON [b0].[RoomId] = [r0].[RoomId]
    INNER JOIN [Hotels] AS [h0] ON [r0].[HotelId] = [h0].[HotelId]
    INNER JOIN [Users] AS [u] ON [b0].[UserId] = [u].[UserId]
    WHERE [b0].[BookingStatus] <> N'Cancelled' OR [b0].[BookingStatus] IS NULL
) AS [s0] ON [s].[HotelId] = [s0].[HotelId] AND [s].[HotelName] = [s0].[HotelName]
ORDER BY [s].[HotelId], [s].[HotelName], [s0].[BookingDate] DESC, [s0].[BookingId], [s0].[RoomId], [s0].[HotelId]
2026-06-08 14:08:25.514 +05:30 [INF] Executing OkObjectResult, writing value of type 'System.Collections.Generic.List`1[[<>f__AnonymousType2`5[[System.Int32, System.Private.CoreLib, Version=10.0.0.0, Culture=neutral, PublicKeyToken=7cec85d7bea7798e],[System.String, System.Private.CoreLib, Version=10.0.0.0, Culture=neutral, PublicKeyToken=7cec85d7bea7798e],[System.Int32, System.Private.CoreLib, Version=10.0.0.0, Culture=neutral, PublicKeyToken=7cec85d7bea7798e],[System.Decimal, System.Private.CoreLib, Version=10.0.0.0, Culture=neutral, PublicKeyToken=7cec85d7bea7798e],[System.Collections.Generic.List`1[[<>f__AnonymousType3`6[[System.Int32, System.Private.CoreLib, Version=10.0.0.0, Culture=neutral, PublicKeyToken=7cec85d7bea7798e],[System.String, System.Private.CoreLib, Version=10.0.0.0, Culture=neutral, PublicKeyToken=7cec85d7bea7798e],[System.DateTime, System.Private.CoreLib, Version=10.0.0.0, Culture=neutral, PublicKeyToken=7cec85d7bea7798e],[System.DateTime, System.Private.CoreLib, Version=10.0.0.0, Culture=neutral, PublicKeyToken=7cec85d7bea7798e],[System.Decimal, System.Private.CoreLib, Version=10.0.0.0, Culture=neutral, PublicKeyToken=7cec85d7bea7798e],[System.String, System.Private.CoreLib, Version=10.0.0.0, Culture=neutral, PublicKeyToken=7cec85d7bea7798e]], CozyHavenStay.API, Version=1.0.0.0, Culture=neutral, PublicKeyToken=null]], System.Private.CoreLib, Version=10.0.0.0, Culture=neutral, PublicKeyToken=7cec85d7bea7798e]], CozyHavenStay.API, Version=1.0.0.0, Culture=neutral, PublicKeyToken=null]]'.
2026-06-08 14:08:25.542 +05:30 [INF] Executed action CozyHavenStay.API.Controllers.AdminController.GetRevenueReport (CozyHavenStay.API) in 416.6399ms
2026-06-08 14:08:25.548 +05:30 [INF] Executed endpoint 'CozyHavenStay.API.Controllers.AdminController.GetRevenueReport (CozyHavenStay.API)'
2026-06-08 14:08:25.556 +05:30 [INF] Request finished HTTP/2 GET https://localhost:7077/api/v1/Admin/revenue-report - 200 null application/json; charset=utf-8 468.2826ms
2026-06-08 14:09:29.587 +05:30 [WRN] No store type was specified for the decimal property 'TotalFare' on entity type 'Booking'. This will cause values to be silently truncated if they do not fit in the default precision and scale. Explicitly specify the SQL server column type that can accommodate all the values in 'OnModelCreating' using 'HasColumnType', specify precision and scale using 'HasPrecision', or configure a value converter using 'HasConversion'.
2026-06-08 14:09:29.711 +05:30 [WRN] No store type was specified for the decimal property 'ExtraCharge' on entity type 'BookingGuest'. This will cause values to be silently truncated if they do not fit in the default precision and scale. Explicitly specify the SQL server column type that can accommodate all the values in 'OnModelCreating' using 'HasColumnType', specify precision and scale using 'HasPrecision', or configure a value converter using 'HasConversion'.
2026-06-08 14:09:29.717 +05:30 [WRN] No store type was specified for the decimal property 'Amount' on entity type 'Payment'. This will cause values to be silently truncated if they do not fit in the default precision and scale. Explicitly specify the SQL server column type that can accommodate all the values in 'OnModelCreating' using 'HasColumnType', specify precision and scale using 'HasPrecision', or configure a value converter using 'HasConversion'.
2026-06-08 14:09:29.720 +05:30 [WRN] No store type was specified for the decimal property 'RefundAmount' on entity type 'Refund'. This will cause values to be silently truncated if they do not fit in the default precision and scale. Explicitly specify the SQL server column type that can accommodate all the values in 'OnModelCreating' using 'HasColumnType', specify precision and scale using 'HasPrecision', or configure a value converter using 'HasConversion'.
2026-06-08 14:09:29.724 +05:30 [WRN] No store type was specified for the decimal property 'BaseFare' on entity type 'Room'. This will cause values to be silently truncated if they do not fit in the default precision and scale. Explicitly specify the SQL server column type that can accommodate all the values in 'OnModelCreating' using 'HasColumnType', specify precision and scale using 'HasPrecision', or configure a value converter using 'HasConversion'.
2026-06-08 14:09:30.676 +05:30 [INF] Executed DbCommand (53ms) [Parameters=[], CommandType='"Text"', CommandTimeout='30']
SELECT 1
2026-06-08 14:09:30.757 +05:30 [INF] Executed DbCommand (36ms) [Parameters=[], CommandType='"Text"', CommandTimeout='30']

IF EXISTS
    (SELECT *
     FROM [sys].[objects] o
     WHERE [o].[type] = 'U'
     AND [o].[is_ms_shipped] = 0
     AND [o].[object_id] NOT IN (SELECT [ep].[major_id]
        FROM [sys].[extended_properties] AS [ep]
        WHERE [ep].[minor_id] = 0
            AND [ep].[class] = 1
            AND [ep].[name] = N'microsoft_database_tools_support'
    )
)
SELECT 1 ELSE SELECT 0
2026-06-08 14:09:31.663 +05:30 [INF] Executed DbCommand (5ms) [Parameters=[], CommandType='"Text"', CommandTimeout='30']
SELECT CASE
    WHEN EXISTS (
        SELECT 1
        FROM [Users] AS [u]
        WHERE [u].[Email] = N'admin@cozyhaven.com') THEN CAST(1 AS bit)
    ELSE CAST(0 AS bit)
END
2026-06-08 14:09:31.756 +05:30 [INF] User profile is available. Using 'C:\Users\kamalesh\AppData\Local\ASP.NET\DataProtection-Keys' as key repository and Windows DPAPI to encrypt keys at rest.
2026-06-08 14:09:32.600 +05:30 [INF] Now listening on: https://localhost:7077
2026-06-08 14:09:32.604 +05:30 [INF] Now listening on: http://localhost:5016
2026-06-08 14:09:32.839 +05:30 [INF] Application started. Press Ctrl+C to shut down.
2026-06-08 14:09:32.841 +05:30 [INF] Hosting environment: Development
2026-06-08 14:09:32.843 +05:30 [INF] Content root path: C:\Users\kamalesh\source\repos\training\CozyHavenStay.API
2026-06-08 14:10:24.305 +05:30 [WRN] No store type was specified for the decimal property 'TotalFare' on entity type 'Booking'. This will cause values to be silently truncated if they do not fit in the default precision and scale. Explicitly specify the SQL server column type that can accommodate all the values in 'OnModelCreating' using 'HasColumnType', specify precision and scale using 'HasPrecision', or configure a value converter using 'HasConversion'.
2026-06-08 14:10:24.337 +05:30 [WRN] No store type was specified for the decimal property 'ExtraCharge' on entity type 'BookingGuest'. This will cause values to be silently truncated if they do not fit in the default precision and scale. Explicitly specify the SQL server column type that can accommodate all the values in 'OnModelCreating' using 'HasColumnType', specify precision and scale using 'HasPrecision', or configure a value converter using 'HasConversion'.
2026-06-08 14:10:24.339 +05:30 [WRN] No store type was specified for the decimal property 'Amount' on entity type 'Payment'. This will cause values to be silently truncated if they do not fit in the default precision and scale. Explicitly specify the SQL server column type that can accommodate all the values in 'OnModelCreating' using 'HasColumnType', specify precision and scale using 'HasPrecision', or configure a value converter using 'HasConversion'.
2026-06-08 14:10:24.340 +05:30 [WRN] No store type was specified for the decimal property 'RefundAmount' on entity type 'Refund'. This will cause values to be silently truncated if they do not fit in the default precision and scale. Explicitly specify the SQL server column type that can accommodate all the values in 'OnModelCreating' using 'HasColumnType', specify precision and scale using 'HasPrecision', or configure a value converter using 'HasConversion'.
2026-06-08 14:10:24.340 +05:30 [WRN] No store type was specified for the decimal property 'BaseFare' on entity type 'Room'. This will cause values to be silently truncated if they do not fit in the default precision and scale. Explicitly specify the SQL server column type that can accommodate all the values in 'OnModelCreating' using 'HasColumnType', specify precision and scale using 'HasPrecision', or configure a value converter using 'HasConversion'.
2026-06-08 14:10:24.699 +05:30 [INF] Executed DbCommand (15ms) [Parameters=[], CommandType='"Text"', CommandTimeout='30']
SELECT 1
2026-06-08 14:10:24.731 +05:30 [INF] Executed DbCommand (13ms) [Parameters=[], CommandType='"Text"', CommandTimeout='30']

IF EXISTS
    (SELECT *
     FROM [sys].[objects] o
     WHERE [o].[type] = 'U'
     AND [o].[is_ms_shipped] = 0
     AND [o].[object_id] NOT IN (SELECT [ep].[major_id]
        FROM [sys].[extended_properties] AS [ep]
        WHERE [ep].[minor_id] = 0
            AND [ep].[class] = 1
            AND [ep].[name] = N'microsoft_database_tools_support'
    )
)
SELECT 1 ELSE SELECT 0
2026-06-08 14:10:25.004 +05:30 [INF] Executed DbCommand (2ms) [Parameters=[], CommandType='"Text"', CommandTimeout='30']
SELECT CASE
    WHEN EXISTS (
        SELECT 1
        FROM [Users] AS [u]
        WHERE [u].[Email] = N'admin@cozyhaven.com') THEN CAST(1 AS bit)
    ELSE CAST(0 AS bit)
END
2026-06-08 14:10:25.031 +05:30 [INF] User profile is available. Using 'C:\Users\kamalesh\AppData\Local\ASP.NET\DataProtection-Keys' as key repository and Windows DPAPI to encrypt keys at rest.
2026-06-08 14:10:25.297 +05:30 [INF] Now listening on: https://localhost:7077
2026-06-08 14:10:25.303 +05:30 [INF] Now listening on: http://localhost:5016
2026-06-08 14:10:25.525 +05:30 [INF] Application started. Press Ctrl+C to shut down.
2026-06-08 14:10:25.531 +05:30 [INF] Hosting environment: Development
2026-06-08 14:10:25.535 +05:30 [INF] Content root path: C:\Users\kamalesh\source\repos\training\CozyHavenStay.API
2026-06-08 14:10:26.169 +05:30 [INF] Request starting HTTP/2 GET https://localhost:7077/swagger/index.html - null null
2026-06-08 14:10:26.466 +05:30 [INF] Request finished HTTP/2 GET https://localhost:7077/swagger/index.html - 304 null null 312.5551ms
2026-06-08 14:10:26.477 +05:30 [INF] Request starting HTTP/2 GET https://localhost:7077/swagger/swagger-ui-standalone-preset.js - null null
2026-06-08 14:10:26.476 +05:30 [INF] Request starting HTTP/2 GET https://localhost:7077/swagger/index.css - null null
2026-06-08 14:10:26.476 +05:30 [INF] Request starting HTTP/2 GET https://localhost:7077/swagger/swagger-ui.css - null null
2026-06-08 14:10:26.476 +05:30 [INF] Request starting HTTP/2 GET https://localhost:7077/swagger/swagger-ui-bundle.js - null null
2026-06-08 14:10:26.476 +05:30 [INF] Request starting HTTP/2 GET https://localhost:7077/_framework/aspnetcore-browser-refresh.js - null null
2026-06-08 14:10:26.514 +05:30 [INF] Request starting HTTP/2 GET https://localhost:7077/swagger/index.js - null null
2026-06-08 14:10:26.660 +05:30 [INF] Request finished HTTP/2 GET https://localhost:7077/swagger/swagger-ui-standalone-preset.js - 304 null null 182.7819ms
2026-06-08 14:10:26.855 +05:30 [INF] Request finished HTTP/2 GET https://localhost:7077/swagger/index.css - 304 null null 378.7261ms
2026-06-08 14:10:26.931 +05:30 [INF] Request finished HTTP/2 GET https://localhost:7077/swagger/swagger-ui.css - 304 null null 455.1219ms
2026-06-08 14:10:26.970 +05:30 [INF] Request finished HTTP/2 GET https://localhost:7077/swagger/swagger-ui-bundle.js - 304 null null 493.3969ms
2026-06-08 14:10:26.549 +05:30 [INF] Request starting HTTP/2 GET https://localhost:7077/_vs/browserLink - null null
2026-06-08 14:10:27.036 +05:30 [INF] Request finished HTTP/2 GET https://localhost:7077/_framework/aspnetcore-browser-refresh.js - 200 14939 application/javascript; charset=utf-8 559.9591ms
2026-06-08 14:10:27.041 +05:30 [INF] Request finished HTTP/2 GET https://localhost:7077/swagger/index.js - 304 null null 557.737ms
2026-06-08 14:10:27.197 +05:30 [INF] Request finished HTTP/2 GET https://localhost:7077/_vs/browserLink - 200 null text/javascript; charset=UTF-8 672.712ms
2026-06-08 14:10:27.245 +05:30 [INF] Request starting HTTP/2 GET https://localhost:7077/swagger/v1/swagger.json - null null
2026-06-08 14:10:27.272 +05:30 [INF] Request finished HTTP/2 GET https://localhost:7077/swagger/v1/swagger.json - 200 null application/json;charset=utf-8 27.4484ms
