2026-06-06 12:34:31.583 +05:30 [INF] User profile is available. Using 'C:\Users\kamalesh\AppData\Local\ASP.NET\DataProtection-Keys' as key repository and Windows DPAPI to encrypt keys at rest.
2026-06-06 12:34:33.412 +05:30 [INF] Now listening on: https://localhost:7077
2026-06-06 12:34:33.547 +05:30 [INF] Now listening on: http://localhost:5016
2026-06-06 12:34:34.357 +05:30 [INF] Application started. Press Ctrl+C to shut down.
2026-06-06 12:34:34.397 +05:30 [INF] Hosting environment: Development
2026-06-06 12:34:34.510 +05:30 [INF] Content root path: C:\Users\kamalesh\source\repos\training\CozyHavenStay.API
2026-06-06 12:34:36.789 +05:30 [INF] Request starting HTTP/2 GET https://localhost:7077/swagger/index.html - null null
2026-06-06 12:34:38.472 +05:30 [INF] Request finished HTTP/2 GET https://localhost:7077/swagger/index.html - 304 null null 1763.4581ms
2026-06-06 12:34:38.660 +05:30 [INF] Request starting HTTP/2 GET https://localhost:7077/swagger/index.css - null null
2026-06-06 12:34:38.663 +05:30 [INF] Request starting HTTP/2 GET https://localhost:7077/swagger/swagger-ui-bundle.js - null null
2026-06-06 12:34:38.667 +05:30 [INF] Request starting HTTP/2 GET https://localhost:7077/swagger/index.js - null null
2026-06-06 12:34:39.224 +05:30 [INF] Request finished HTTP/2 GET https://localhost:7077/swagger/swagger-ui-bundle.js - 304 null null 560.4875ms
2026-06-06 12:34:38.734 +05:30 [INF] Request starting HTTP/2 GET https://localhost:7077/swagger/swagger-ui-standalone-preset.js - null null
2026-06-06 12:34:38.663 +05:30 [INF] Request starting HTTP/2 GET https://localhost:7077/swagger/swagger-ui.css - null null
2026-06-06 12:34:39.172 +05:30 [INF] Request finished HTTP/2 GET https://localhost:7077/swagger/index.css - 304 null null 512.7012ms
2026-06-06 12:34:38.765 +05:30 [INF] Request starting HTTP/2 GET https://localhost:7077/_framework/aspnetcore-browser-refresh.js - null null
2026-06-06 12:34:38.844 +05:30 [INF] Request starting HTTP/2 GET https://localhost:7077/_vs/browserLink - null null
2026-06-06 12:34:39.318 +05:30 [INF] Request finished HTTP/2 GET https://localhost:7077/swagger/index.js - 304 null null 651.0305ms
2026-06-06 12:34:39.460 +05:30 [INF] Request finished HTTP/2 GET https://localhost:7077/swagger/swagger-ui-standalone-preset.js - 304 null null 730.8741ms
2026-06-06 12:34:39.487 +05:30 [INF] Request finished HTTP/2 GET https://localhost:7077/swagger/swagger-ui.css - 304 null null 823.8339ms
2026-06-06 12:34:39.588 +05:30 [INF] Request finished HTTP/2 GET https://localhost:7077/_framework/aspnetcore-browser-refresh.js - 200 14939 application/javascript; charset=utf-8 823.2542ms
2026-06-06 12:34:39.866 +05:30 [INF] Request finished HTTP/2 GET https://localhost:7077/_vs/browserLink - 200 null text/javascript; charset=UTF-8 1020.3815ms
2026-06-06 12:34:40.642 +05:30 [INF] Request starting HTTP/2 GET https://localhost:7077/swagger/v1/swagger.json - null null
2026-06-06 12:34:41.255 +05:30 [INF] Request finished HTTP/2 GET https://localhost:7077/swagger/v1/swagger.json - 200 null application/json;charset=utf-8 612.5362ms
2026-06-06 12:39:13.678 +05:30 [INF] Request starting HTTP/2 OPTIONS https://localhost:7077/api/v1/Auth/register - null null
2026-06-06 12:39:14.166 +05:30 [INF] CORS policy execution successful.
2026-06-06 12:39:14.217 +05:30 [INF] Request finished HTTP/2 OPTIONS https://localhost:7077/api/v1/Auth/register - 204 null null 538.381ms
2026-06-06 12:39:14.257 +05:30 [INF] Request starting HTTP/2 POST https://localhost:7077/api/v1/Auth/register - application/json 146
2026-06-06 12:39:14.325 +05:30 [INF] CORS policy execution successful.
2026-06-06 12:39:14.621 +05:30 [INF] Executing endpoint 'CozyHavenStay.API.Controllers.AuthController.Register (CozyHavenStay.API)'
2026-06-06 12:39:14.790 +05:30 [INF] Route matched with {action = "Register", controller = "Auth"}. Executing controller action with signature System.Threading.Tasks.Task`1[Microsoft.AspNetCore.Mvc.IActionResult] Register(CozyHavenStay.API.Models.User) on controller CozyHavenStay.API.Controllers.AuthController (CozyHavenStay.API).
2026-06-06 12:39:16.307 +05:30 [INF] Register attempt for email: vijay@gamil.com
2026-06-06 12:39:19.968 +05:30 [WRN] No store type was specified for the decimal property 'TotalFare' on entity type 'Booking'. This will cause values to be silently truncated if they do not fit in the default precision and scale. Explicitly specify the SQL server column type that can accommodate all the values in 'OnModelCreating' using 'HasColumnType', specify precision and scale using 'HasPrecision', or configure a value converter using 'HasConversion'.
2026-06-06 12:39:19.987 +05:30 [WRN] No store type was specified for the decimal property 'ExtraCharge' on entity type 'BookingGuest'. This will cause values to be silently truncated if they do not fit in the default precision and scale. Explicitly specify the SQL server column type that can accommodate all the values in 'OnModelCreating' using 'HasColumnType', specify precision and scale using 'HasPrecision', or configure a value converter using 'HasConversion'.
2026-06-06 12:39:19.992 +05:30 [WRN] No store type was specified for the decimal property 'Amount' on entity type 'Payment'. This will cause values to be silently truncated if they do not fit in the default precision and scale. Explicitly specify the SQL server column type that can accommodate all the values in 'OnModelCreating' using 'HasColumnType', specify precision and scale using 'HasPrecision', or configure a value converter using 'HasConversion'.
2026-06-06 12:39:19.998 +05:30 [WRN] No store type was specified for the decimal property 'RefundAmount' on entity type 'Refund'. This will cause values to be silently truncated if they do not fit in the default precision and scale. Explicitly specify the SQL server column type that can accommodate all the values in 'OnModelCreating' using 'HasColumnType', specify precision and scale using 'HasPrecision', or configure a value converter using 'HasConversion'.
2026-06-06 12:39:20.009 +05:30 [WRN] No store type was specified for the decimal property 'BaseFare' on entity type 'Room'. This will cause values to be silently truncated if they do not fit in the default precision and scale. Explicitly specify the SQL server column type that can accommodate all the values in 'OnModelCreating' using 'HasColumnType', specify precision and scale using 'HasPrecision', or configure a value converter using 'HasConversion'.
2026-06-06 12:39:24.551 +05:30 [INF] Executed DbCommand (989ms) [Parameters=[@user_Email='?' (Size = 4000)], CommandType='"Text"', CommandTimeout='30']
SELECT CASE
    WHEN EXISTS (
        SELECT 1
        FROM [Users] AS [u]
        WHERE [u].[Email] = @user_Email) THEN CAST(1 AS bit)
    ELSE CAST(0 AS bit)
END
2026-06-06 12:39:26.859 +05:30 [INF] Executed DbCommand (84ms) [Parameters=[@p0='?' (Size = 4000), @p1='?' (DbType = DateTime2), @p2='?' (Size = 4000), @p3='?' (Size = 100), @p4='?' (Size = 4000), @p5='?' (DbType = Boolean), @p6='?' (Size = 255), @p7='?' (Size = 4000), @p8='?' (Size = 4000)], CommandType='"Text"', CommandTimeout='30']
SET IMPLICIT_TRANSACTIONS OFF;
SET NOCOUNT ON;
INSERT INTO [Users] ([Address], [CreatedAt], [Email], [FullName], [Gender], [IsActive], [Password], [PhoneNumber], [Role])
OUTPUT INSERTED.[UserId]
VALUES (@p0, @p1, @p2, @p3, @p4, @p5, @p6, @p7, @p8);
2026-06-06 12:39:27.038 +05:30 [INF] Executing OkObjectResult, writing value of type 'System.String'.
2026-06-06 12:39:27.085 +05:30 [INF] Executed action CozyHavenStay.API.Controllers.AuthController.Register (CozyHavenStay.API) in 12270.9001ms
2026-06-06 12:39:27.108 +05:30 [INF] Executed endpoint 'CozyHavenStay.API.Controllers.AuthController.Register (CozyHavenStay.API)'
2026-06-06 12:39:27.150 +05:30 [INF] Request finished HTTP/2 POST https://localhost:7077/api/v1/Auth/register - 200 null text/plain; charset=utf-8 12893.0394ms
2026-06-06 12:39:44.197 +05:30 [INF] Request starting HTTP/2 OPTIONS https://localhost:7077/api/v1/Auth/login - null null
2026-06-06 12:39:44.307 +05:30 [INF] CORS policy execution successful.
2026-06-06 12:39:44.313 +05:30 [INF] Request finished HTTP/2 OPTIONS https://localhost:7077/api/v1/Auth/login - 204 null null 115.9515ms
2026-06-06 12:39:44.318 +05:30 [INF] Request starting HTTP/2 POST https://localhost:7077/api/v1/Auth/login - application/json 50
2026-06-06 12:39:44.361 +05:30 [INF] CORS policy execution successful.
2026-06-06 12:39:44.373 +05:30 [INF] Executing endpoint 'CozyHavenStay.API.Controllers.AuthController.Login (CozyHavenStay.API)'
2026-06-06 12:39:44.405 +05:30 [INF] Route matched with {action = "Login", controller = "Auth"}. Executing controller action with signature System.Threading.Tasks.Task`1[Microsoft.AspNetCore.Mvc.IActionResult] Login(CozyHavenStay.API.DTOs.LoginDto) on controller CozyHavenStay.API.Controllers.AuthController (CozyHavenStay.API).
2026-06-06 12:39:44.977 +05:30 [INF] Executed DbCommand (213ms) [Parameters=[@login_Email='?' (Size = 4000)], CommandType='"Text"', CommandTimeout='30']
SELECT TOP(1) [u].[UserId], [u].[Address], [u].[CreatedAt], [u].[Email], [u].[FullName], [u].[Gender], [u].[IsActive], [u].[Password], [u].[PhoneNumber], [u].[Role]
FROM [Users] AS [u]
WHERE [u].[Email] = @login_Email
2026-06-06 12:39:45.339 +05:30 [INF] Executing UnauthorizedObjectResult, writing value of type 'System.String'.
2026-06-06 12:39:45.352 +05:30 [INF] Executed action CozyHavenStay.API.Controllers.AuthController.Login (CozyHavenStay.API) in 888.1477ms
2026-06-06 12:39:45.375 +05:30 [INF] Executed endpoint 'CozyHavenStay.API.Controllers.AuthController.Login (CozyHavenStay.API)'
2026-06-06 12:39:45.388 +05:30 [INF] Request finished HTTP/2 POST https://localhost:7077/api/v1/Auth/login - 401 null text/plain; charset=utf-8 1069.6925ms
2026-06-06 12:40:02.259 +05:30 [INF] Request starting HTTP/2 OPTIONS https://localhost:7077/api/v1/Auth/login - null null
2026-06-06 12:40:02.354 +05:30 [INF] CORS policy execution successful.
2026-06-06 12:40:02.414 +05:30 [INF] Request finished HTTP/2 OPTIONS https://localhost:7077/api/v1/Auth/login - 204 null null 154.3929ms
2026-06-06 12:40:02.419 +05:30 [INF] Request starting HTTP/2 POST https://localhost:7077/api/v1/Auth/login - application/json 50
2026-06-06 12:40:02.462 +05:30 [INF] CORS policy execution successful.
2026-06-06 12:40:02.484 +05:30 [INF] Executing endpoint 'CozyHavenStay.API.Controllers.AuthController.Login (CozyHavenStay.API)'
2026-06-06 12:40:02.501 +05:30 [INF] Route matched with {action = "Login", controller = "Auth"}. Executing controller action with signature System.Threading.Tasks.Task`1[Microsoft.AspNetCore.Mvc.IActionResult] Login(CozyHavenStay.API.DTOs.LoginDto) on controller CozyHavenStay.API.Controllers.AuthController (CozyHavenStay.API).
2026-06-06 12:40:02.830 +05:30 [INF] Executed DbCommand (11ms) [Parameters=[@login_Email='?' (Size = 4000)], CommandType='"Text"', CommandTimeout='30']
SELECT TOP(1) [u].[UserId], [u].[Address], [u].[CreatedAt], [u].[Email], [u].[FullName], [u].[Gender], [u].[IsActive], [u].[Password], [u].[PhoneNumber], [u].[Role]
FROM [Users] AS [u]
WHERE [u].[Email] = @login_Email
2026-06-06 12:40:02.864 +05:30 [INF] Executing UnauthorizedObjectResult, writing value of type 'System.String'.
2026-06-06 12:40:02.875 +05:30 [INF] Executed action CozyHavenStay.API.Controllers.AuthController.Login (CozyHavenStay.API) in 358.7471ms
2026-06-06 12:40:02.886 +05:30 [INF] Executed endpoint 'CozyHavenStay.API.Controllers.AuthController.Login (CozyHavenStay.API)'
2026-06-06 12:40:02.894 +05:30 [INF] Request finished HTTP/2 POST https://localhost:7077/api/v1/Auth/login - 401 null text/plain; charset=utf-8 474.506ms
2026-06-06 12:40:10.698 +05:30 [INF] Request starting HTTP/2 OPTIONS https://localhost:7077/api/v1/Auth/login - null null
2026-06-06 12:40:10.734 +05:30 [INF] CORS policy execution successful.
2026-06-06 12:40:10.755 +05:30 [INF] Request finished HTTP/2 OPTIONS https://localhost:7077/api/v1/Auth/login - 204 null null 56.6916ms
2026-06-06 12:40:10.803 +05:30 [INF] Request starting HTTP/2 POST https://localhost:7077/api/v1/Auth/login - application/json 50
2026-06-06 12:40:10.861 +05:30 [INF] CORS policy execution successful.
2026-06-06 12:40:10.867 +05:30 [INF] Executing endpoint 'CozyHavenStay.API.Controllers.AuthController.Login (CozyHavenStay.API)'
2026-06-06 12:40:10.874 +05:30 [INF] Route matched with {action = "Login", controller = "Auth"}. Executing controller action with signature System.Threading.Tasks.Task`1[Microsoft.AspNetCore.Mvc.IActionResult] Login(CozyHavenStay.API.DTOs.LoginDto) on controller CozyHavenStay.API.Controllers.AuthController (CozyHavenStay.API).
2026-06-06 12:40:10.978 +05:30 [INF] Executed DbCommand (14ms) [Parameters=[@login_Email='?' (Size = 4000)], CommandType='"Text"', CommandTimeout='30']
SELECT TOP(1) [u].[UserId], [u].[Address], [u].[CreatedAt], [u].[Email], [u].[FullName], [u].[Gender], [u].[IsActive], [u].[Password], [u].[PhoneNumber], [u].[Role]
FROM [Users] AS [u]
WHERE [u].[Email] = @login_Email
2026-06-06 12:40:11.027 +05:30 [INF] Executing UnauthorizedObjectResult, writing value of type 'System.String'.
2026-06-06 12:40:11.044 +05:30 [INF] Executed action CozyHavenStay.API.Controllers.AuthController.Login (CozyHavenStay.API) in 85.0759ms
2026-06-06 12:40:11.074 +05:30 [INF] Executed endpoint 'CozyHavenStay.API.Controllers.AuthController.Login (CozyHavenStay.API)'
2026-06-06 12:40:11.088 +05:30 [INF] Request finished HTTP/2 POST https://localhost:7077/api/v1/Auth/login - 401 null text/plain; charset=utf-8 285.7767ms
2026-06-06 12:40:38.919 +05:30 [INF] Request starting HTTP/2 OPTIONS https://localhost:7077/api/v1/Auth/check-email - null null
2026-06-06 12:40:38.934 +05:30 [INF] CORS policy execution successful.
2026-06-06 12:40:38.948 +05:30 [INF] Request finished HTTP/2 OPTIONS https://localhost:7077/api/v1/Auth/check-email - 204 null null 28.4027ms
2026-06-06 12:40:38.951 +05:30 [INF] Request starting HTTP/2 POST https://localhost:7077/api/v1/Auth/check-email - application/json 27
2026-06-06 12:40:39.064 +05:30 [INF] CORS policy execution successful.
2026-06-06 12:40:39.080 +05:30 [INF] Executing endpoint 'CozyHavenStay.API.Controllers.AuthController.CheckEmail (CozyHavenStay.API)'
2026-06-06 12:40:39.120 +05:30 [INF] Route matched with {action = "CheckEmail", controller = "Auth"}. Executing controller action with signature System.Threading.Tasks.Task`1[Microsoft.AspNetCore.Mvc.IActionResult] CheckEmail(CozyHavenStay.API.DTOs.CheckEmailDto) on controller CozyHavenStay.API.Controllers.AuthController (CozyHavenStay.API).
2026-06-06 12:40:39.198 +05:30 [INF] Executed DbCommand (18ms) [Parameters=[@dto_Email='?' (Size = 4000)], CommandType='"Text"', CommandTimeout='30']
SELECT TOP(1) [u].[UserId], [u].[Address], [u].[CreatedAt], [u].[Email], [u].[FullName], [u].[Gender], [u].[IsActive], [u].[Password], [u].[PhoneNumber], [u].[Role]
FROM [Users] AS [u]
WHERE [u].[Email] = @dto_Email
2026-06-06 12:40:39.216 +05:30 [INF] Executing NotFoundObjectResult, writing value of type 'System.String'.
2026-06-06 12:40:39.249 +05:30 [INF] Executed action CozyHavenStay.API.Controllers.AuthController.CheckEmail (CozyHavenStay.API) in 107.0708ms
2026-06-06 12:40:39.258 +05:30 [INF] Executed endpoint 'CozyHavenStay.API.Controllers.AuthController.CheckEmail (CozyHavenStay.API)'
2026-06-06 12:40:39.270 +05:30 [INF] Request finished HTTP/2 POST https://localhost:7077/api/v1/Auth/check-email - 404 null text/plain; charset=utf-8 318.8286ms
2026-06-06 12:40:52.471 +05:30 [INF] Request starting HTTP/2 OPTIONS https://localhost:7077/api/v1/Auth/login - null null
2026-06-06 12:40:52.543 +05:30 [INF] CORS policy execution successful.
2026-06-06 12:40:52.547 +05:30 [INF] Request finished HTTP/2 OPTIONS https://localhost:7077/api/v1/Auth/login - 204 null null 76.0993ms
2026-06-06 12:40:52.596 +05:30 [INF] Request starting HTTP/2 POST https://localhost:7077/api/v1/Auth/login - application/json 48
2026-06-06 12:40:52.642 +05:30 [INF] CORS policy execution successful.
2026-06-06 12:40:52.645 +05:30 [INF] Executing endpoint 'CozyHavenStay.API.Controllers.AuthController.Login (CozyHavenStay.API)'
2026-06-06 12:40:52.659 +05:30 [INF] Route matched with {action = "Login", controller = "Auth"}. Executing controller action with signature System.Threading.Tasks.Task`1[Microsoft.AspNetCore.Mvc.IActionResult] Login(CozyHavenStay.API.DTOs.LoginDto) on controller CozyHavenStay.API.Controllers.AuthController (CozyHavenStay.API).
2026-06-06 12:40:52.703 +05:30 [INF] Executed DbCommand (17ms) [Parameters=[@login_Email='?' (Size = 4000)], CommandType='"Text"', CommandTimeout='30']
SELECT TOP(1) [u].[UserId], [u].[Address], [u].[CreatedAt], [u].[Email], [u].[FullName], [u].[Gender], [u].[IsActive], [u].[Password], [u].[PhoneNumber], [u].[Role]
FROM [Users] AS [u]
WHERE [u].[Email] = @login_Email
2026-06-06 12:40:53.515 +05:30 [INF] Executing OkObjectResult, writing value of type '<>f__AnonymousType7`4[[System.String, System.Private.CoreLib, Version=10.0.0.0, Culture=neutral, PublicKeyToken=7cec85d7bea7798e],[System.String, System.Private.CoreLib, Version=10.0.0.0, Culture=neutral, PublicKeyToken=7cec85d7bea7798e],[System.String, System.Private.CoreLib, Version=10.0.0.0, Culture=neutral, PublicKeyToken=7cec85d7bea7798e],[System.Int32, System.Private.CoreLib, Version=10.0.0.0, Culture=neutral, PublicKeyToken=7cec85d7bea7798e]]'.
2026-06-06 12:40:53.653 +05:30 [INF] Executed action CozyHavenStay.API.Controllers.AuthController.Login (CozyHavenStay.API) in 971.5714ms
2026-06-06 12:40:53.841 +05:30 [INF] Executed endpoint 'CozyHavenStay.API.Controllers.AuthController.Login (CozyHavenStay.API)'
2026-06-06 12:40:53.851 +05:30 [INF] Request finished HTTP/2 POST https://localhost:7077/api/v1/Auth/login - 200 null application/json; charset=utf-8 1254.4374ms
2026-06-06 12:40:53.876 +05:30 [INF] Request starting HTTP/2 OPTIONS https://localhost:7077/api/v1/Booking/user/10 - null null
2026-06-06 12:40:53.876 +05:30 [INF] Request starting HTTP/2 OPTIONS https://localhost:7077/api/v1/Booking/user/10 - null null
2026-06-06 12:40:53.887 +05:30 [INF] CORS policy execution successful.
2026-06-06 12:40:53.909 +05:30 [INF] CORS policy execution successful.
2026-06-06 12:40:53.917 +05:30 [INF] Request finished HTTP/2 OPTIONS https://localhost:7077/api/v1/Booking/user/10 - 204 null null 40.598ms
2026-06-06 12:40:53.968 +05:30 [INF] Request starting HTTP/2 GET https://localhost:7077/api/v1/Booking/user/10 - null null
2026-06-06 12:40:53.971 +05:30 [INF] Request finished HTTP/2 OPTIONS https://localhost:7077/api/v1/Booking/user/10 - 204 null null 94.4453ms
2026-06-06 12:40:54.101 +05:30 [INF] CORS policy execution successful.
2026-06-06 12:40:54.356 +05:30 [INF] Executing endpoint 'CozyHavenStay.API.Controllers.BookingController.GetBookingsByUser (CozyHavenStay.API)'
2026-06-06 12:40:54.396 +05:30 [INF] Route matched with {action = "GetBookingsByUser", controller = "Booking"}. Executing controller action with signature System.Threading.Tasks.Task`1[Microsoft.AspNetCore.Mvc.IActionResult] GetBookingsByUser(Int32) on controller CozyHavenStay.API.Controllers.BookingController (CozyHavenStay.API).
2026-06-06 12:40:54.538 +05:30 [INF] Executed DbCommand (55ms) [Parameters=[@userId='?' (DbType = Int32)], CommandType='"Text"', CommandTimeout='30']
SELECT [b].[BookingId], [b].[BookingDate], [b].[BookingStatus], [b].[CheckInDate], [b].[CheckOutDate], [b].[NoOfAdults], [b].[NoOfChildren], [b].[NoOfRooms], [b].[RoomId], [b].[TotalFare], [b].[UserId]
FROM [Bookings] AS [b]
WHERE [b].[UserId] = @userId
2026-06-06 12:40:54.660 +05:30 [INF] Executing OkObjectResult, writing value of type 'System.Collections.Generic.List`1[[CozyHavenStay.API.Models.Booking, CozyHavenStay.API, Version=1.0.0.0, Culture=neutral, PublicKeyToken=null]]'.
2026-06-06 12:40:54.762 +05:30 [INF] Executed action CozyHavenStay.API.Controllers.BookingController.GetBookingsByUser (CozyHavenStay.API) in 338.4145ms
2026-06-06 12:40:54.765 +05:30 [INF] Request starting HTTP/2 GET https://localhost:7077/api/v1/Booking/user/10 - null null
2026-06-06 12:40:54.770 +05:30 [INF] Executed endpoint 'CozyHavenStay.API.Controllers.BookingController.GetBookingsByUser (CozyHavenStay.API)'
2026-06-06 12:40:54.784 +05:30 [INF] CORS policy execution successful.
2026-06-06 12:40:54.789 +05:30 [INF] Request finished HTTP/2 GET https://localhost:7077/api/v1/Booking/user/10 - 200 null application/json; charset=utf-8 820.476ms
2026-06-06 12:40:54.794 +05:30 [INF] Executing endpoint 'CozyHavenStay.API.Controllers.BookingController.GetBookingsByUser (CozyHavenStay.API)'
2026-06-06 12:40:54.965 +05:30 [INF] Route matched with {action = "GetBookingsByUser", controller = "Booking"}. Executing controller action with signature System.Threading.Tasks.Task`1[Microsoft.AspNetCore.Mvc.IActionResult] GetBookingsByUser(Int32) on controller CozyHavenStay.API.Controllers.BookingController (CozyHavenStay.API).
2026-06-06 12:40:55.124 +05:30 [INF] Executed DbCommand (33ms) [Parameters=[@userId='?' (DbType = Int32)], CommandType='"Text"', CommandTimeout='30']
SELECT [b].[BookingId], [b].[BookingDate], [b].[BookingStatus], [b].[CheckInDate], [b].[CheckOutDate], [b].[NoOfAdults], [b].[NoOfChildren], [b].[NoOfRooms], [b].[RoomId], [b].[TotalFare], [b].[UserId]
FROM [Bookings] AS [b]
WHERE [b].[UserId] = @userId
2026-06-06 12:40:55.309 +05:30 [INF] Executing OkObjectResult, writing value of type 'System.Collections.Generic.List`1[[CozyHavenStay.API.Models.Booking, CozyHavenStay.API, Version=1.0.0.0, Culture=neutral, PublicKeyToken=null]]'.
2026-06-06 12:40:55.512 +05:30 [INF] Executed action CozyHavenStay.API.Controllers.BookingController.GetBookingsByUser (CozyHavenStay.API) in 427.9501ms
2026-06-06 12:40:55.580 +05:30 [INF] Executed endpoint 'CozyHavenStay.API.Controllers.BookingController.GetBookingsByUser (CozyHavenStay.API)'
2026-06-06 12:40:55.612 +05:30 [INF] Request finished HTTP/2 GET https://localhost:7077/api/v1/Booking/user/10 - 200 null application/json; charset=utf-8 846.7551ms
2026-06-06 12:42:12.190 +05:30 [INF] Request starting HTTP/2 GET https://localhost:7077/api/v1/Admin/users - null null
2026-06-06 12:42:12.220 +05:30 [INF] Authorization failed. These requirements were not met:
RolesAuthorizationRequirement:User.IsInRole must be true for one of the following roles: (Admin)
2026-06-06 12:42:12.245 +05:30 [INF] AuthenticationScheme: Bearer was challenged.
2026-06-06 12:42:12.258 +05:30 [INF] Request finished HTTP/2 GET https://localhost:7077/api/v1/Admin/users - 401 0 null 67.8941ms
2026-06-06 12:48:14.553 +05:30 [INF] Request starting HTTP/2 GET https://localhost:7077/api/v1/Admin/users - null null
2026-06-06 12:48:14.645 +05:30 [INF] Authorization failed. These requirements were not met:
RolesAuthorizationRequirement:User.IsInRole must be true for one of the following roles: (Admin)
2026-06-06 12:48:14.679 +05:30 [INF] AuthenticationScheme: Bearer was challenged.
2026-06-06 12:48:14.702 +05:30 [INF] Request finished HTTP/2 GET https://localhost:7077/api/v1/Admin/users - 401 0 null 149.0738ms
2026-06-06 12:49:34.363 +05:30 [INF] Request starting HTTP/2 GET https://localhost:7077/api/v1/Admin/stats - null null
2026-06-06 12:49:34.455 +05:30 [INF] Authorization failed. These requirements were not met:
RolesAuthorizationRequirement:User.IsInRole must be true for one of the following roles: (Admin)
2026-06-06 12:49:34.533 +05:30 [INF] AuthenticationScheme: Bearer was challenged.
2026-06-06 12:49:34.647 +05:30 [INF] Request finished HTTP/2 GET https://localhost:7077/api/v1/Admin/stats - 401 0 null 285.8748ms
2026-06-06 12:49:42.025 +05:30 [INF] Request starting HTTP/2 GET https://localhost:7077/api/v1/Admin/revenue-report - null null
2026-06-06 12:49:42.049 +05:30 [INF] Authorization failed. These requirements were not met:
RolesAuthorizationRequirement:User.IsInRole must be true for one of the following roles: (Admin)
2026-06-06 12:49:42.056 +05:30 [INF] AuthenticationScheme: Bearer was challenged.
2026-06-06 12:49:42.059 +05:30 [INF] Request finished HTTP/2 GET https://localhost:7077/api/v1/Admin/revenue-report - 401 0 null 34.4699ms
2026-06-06 12:51:24.731 +05:30 [INF] Request starting HTTP/2 POST https://localhost:7077/api/v1/Auth/login - application/json 47
2026-06-06 12:51:24.984 +05:30 [INF] CORS policy execution failed.
2026-06-06 12:51:24.988 +05:30 [INF] Request origin https://localhost:7077 does not have permission to access the resource.
2026-06-06 12:51:24.992 +05:30 [INF] Executing endpoint 'CozyHavenStay.API.Controllers.AuthController.Login (CozyHavenStay.API)'
2026-06-06 12:51:24.996 +05:30 [INF] Route matched with {action = "Login", controller = "Auth"}. Executing controller action with signature System.Threading.Tasks.Task`1[Microsoft.AspNetCore.Mvc.IActionResult] Login(CozyHavenStay.API.DTOs.LoginDto) on controller CozyHavenStay.API.Controllers.AuthController (CozyHavenStay.API).
2026-06-06 12:51:25.151 +05:30 [INF] Executed DbCommand (71ms) [Parameters=[@login_Email='?' (Size = 4000)], CommandType='"Text"', CommandTimeout='30']
SELECT TOP(1) [u].[UserId], [u].[Address], [u].[CreatedAt], [u].[Email], [u].[FullName], [u].[Gender], [u].[IsActive], [u].[Password], [u].[PhoneNumber], [u].[Role]
FROM [Users] AS [u]
WHERE [u].[Email] = @login_Email
2026-06-06 12:51:25.196 +05:30 [INF] Executing UnauthorizedObjectResult, writing value of type 'System.String'.
2026-06-06 12:51:25.227 +05:30 [INF] Executed action CozyHavenStay.API.Controllers.AuthController.Login (CozyHavenStay.API) in 223.8ms
2026-06-06 12:51:25.241 +05:30 [INF] Executed endpoint 'CozyHavenStay.API.Controllers.AuthController.Login (CozyHavenStay.API)'
2026-06-06 12:51:25.254 +05:30 [INF] Request finished HTTP/2 POST https://localhost:7077/api/v1/Auth/login - 401 null text/plain; charset=utf-8 523.0514ms
2026-06-06 12:51:36.768 +05:30 [INF] Request starting HTTP/2 POST https://localhost:7077/api/v1/Auth/check-email - application/json 23
2026-06-06 12:51:36.796 +05:30 [INF] CORS policy execution failed.
2026-06-06 12:51:36.803 +05:30 [INF] Request origin https://localhost:7077 does not have permission to access the resource.
2026-06-06 12:51:36.808 +05:30 [INF] Executing endpoint 'CozyHavenStay.API.Controllers.AuthController.CheckEmail (CozyHavenStay.API)'
2026-06-06 12:51:36.812 +05:30 [INF] Route matched with {action = "CheckEmail", controller = "Auth"}. Executing controller action with signature System.Threading.Tasks.Task`1[Microsoft.AspNetCore.Mvc.IActionResult] CheckEmail(CozyHavenStay.API.DTOs.CheckEmailDto) on controller CozyHavenStay.API.Controllers.AuthController (CozyHavenStay.API).
2026-06-06 12:51:36.871 +05:30 [INF] Executed DbCommand (38ms) [Parameters=[@dto_Email='?' (Size = 4000)], CommandType='"Text"', CommandTimeout='30']
SELECT TOP(1) [u].[UserId], [u].[Address], [u].[CreatedAt], [u].[Email], [u].[FullName], [u].[Gender], [u].[IsActive], [u].[Password], [u].[PhoneNumber], [u].[Role]
FROM [Users] AS [u]
WHERE [u].[Email] = @dto_Email
2026-06-06 12:51:36.902 +05:30 [INF] Executing NotFoundObjectResult, writing value of type 'System.String'.
2026-06-06 12:51:36.919 +05:30 [INF] Executed action CozyHavenStay.API.Controllers.AuthController.CheckEmail (CozyHavenStay.API) in 91.7375ms
2026-06-06 12:51:37.038 +05:30 [INF] Executed endpoint 'CozyHavenStay.API.Controllers.AuthController.CheckEmail (CozyHavenStay.API)'
2026-06-06 12:51:37.067 +05:30 [INF] Request finished HTTP/2 POST https://localhost:7077/api/v1/Auth/check-email - 404 null text/plain; charset=utf-8 298.9784ms
2026-06-06 12:51:39.336 +05:30 [INF] Request starting HTTP/2 POST https://localhost:7077/api/v1/Auth/check-email - application/json 23
2026-06-06 12:51:39.406 +05:30 [INF] CORS policy execution failed.
2026-06-06 12:51:39.411 +05:30 [INF] Request origin https://localhost:7077 does not have permission to access the resource.
2026-06-06 12:51:39.426 +05:30 [INF] Executing endpoint 'CozyHavenStay.API.Controllers.AuthController.CheckEmail (CozyHavenStay.API)'
2026-06-06 12:51:39.430 +05:30 [INF] Route matched with {action = "CheckEmail", controller = "Auth"}. Executing controller action with signature System.Threading.Tasks.Task`1[Microsoft.AspNetCore.Mvc.IActionResult] CheckEmail(CozyHavenStay.API.DTOs.CheckEmailDto) on controller CozyHavenStay.API.Controllers.AuthController (CozyHavenStay.API).
2026-06-06 12:51:39.467 +05:30 [INF] Executed DbCommand (18ms) [Parameters=[@dto_Email='?' (Size = 4000)], CommandType='"Text"', CommandTimeout='30']
SELECT TOP(1) [u].[UserId], [u].[Address], [u].[CreatedAt], [u].[Email], [u].[FullName], [u].[Gender], [u].[IsActive], [u].[Password], [u].[PhoneNumber], [u].[Role]
FROM [Users] AS [u]
WHERE [u].[Email] = @dto_Email
2026-06-06 12:51:39.475 +05:30 [INF] Executing NotFoundObjectResult, writing value of type 'System.String'.
2026-06-06 12:51:39.479 +05:30 [INF] Executed action CozyHavenStay.API.Controllers.AuthController.CheckEmail (CozyHavenStay.API) in 34.4127ms
2026-06-06 12:51:39.483 +05:30 [INF] Executed endpoint 'CozyHavenStay.API.Controllers.AuthController.CheckEmail (CozyHavenStay.API)'
2026-06-06 12:51:39.488 +05:30 [INF] Request finished HTTP/2 POST https://localhost:7077/api/v1/Auth/check-email - 404 null text/plain; charset=utf-8 151.6014ms
2026-06-06 12:54:52.467 +05:30 [INF] Request starting HTTP/2 GET https://localhost:7077/api/v1/Booking/user/1 - null null
2026-06-06 12:54:52.489 +05:30 [INF] Authorization failed. These requirements were not met:
DenyAnonymousAuthorizationRequirement: Requires an authenticated user.
2026-06-06 12:54:52.491 +05:30 [INF] AuthenticationScheme: Bearer was challenged.
2026-06-06 12:54:52.494 +05:30 [INF] Request finished HTTP/2 GET https://localhost:7077/api/v1/Booking/user/1 - 401 0 null 27.2887ms
2026-06-06 13:26:20.752 +05:30 [INF] User profile is available. Using 'C:\Users\kamalesh\AppData\Local\ASP.NET\DataProtection-Keys' as key repository and Windows DPAPI to encrypt keys at rest.
2026-06-06 13:26:22.105 +05:30 [INF] Now listening on: https://localhost:7077
2026-06-06 13:26:22.204 +05:30 [INF] Now listening on: http://localhost:5016
2026-06-06 13:26:22.809 +05:30 [INF] Application started. Press Ctrl+C to shut down.
2026-06-06 13:26:22.900 +05:30 [INF] Hosting environment: Development
2026-06-06 13:26:22.951 +05:30 [INF] Content root path: C:\Users\kamalesh\source\repos\training\CozyHavenStay.API
2026-06-06 13:26:24.062 +05:30 [INF] Request starting HTTP/2 GET https://localhost:7077/swagger/index.html - null null
2026-06-06 13:26:25.326 +05:30 [INF] Request finished HTTP/2 GET https://localhost:7077/swagger/index.html - 304 null null 1281.9453ms
2026-06-06 13:26:25.500 +05:30 [INF] Request starting HTTP/2 GET https://localhost:7077/swagger/swagger-ui.css - null null
2026-06-06 13:26:25.502 +05:30 [INF] Request starting HTTP/2 GET https://localhost:7077/swagger/swagger-ui-standalone-preset.js - null null
2026-06-06 13:26:25.502 +05:30 [INF] Request starting HTTP/2 GET https://localhost:7077/swagger/swagger-ui-bundle.js - null null
2026-06-06 13:26:25.515 +05:30 [INF] Request starting HTTP/2 GET https://localhost:7077/swagger/index.js - null null
2026-06-06 13:26:25.500 +05:30 [INF] Request starting HTTP/2 GET https://localhost:7077/swagger/index.css - null null
2026-06-06 13:26:25.530 +05:30 [INF] Request starting HTTP/2 GET https://localhost:7077/_framework/aspnetcore-browser-refresh.js - null null
2026-06-06 13:26:25.549 +05:30 [INF] Request starting HTTP/2 GET https://localhost:7077/_vs/browserLink - null null
2026-06-06 13:26:25.897 +05:30 [INF] Request finished HTTP/2 GET https://localhost:7077/swagger/swagger-ui-standalone-preset.js - 304 null null 394.6764ms
2026-06-06 13:26:25.887 +05:30 [INF] Request finished HTTP/2 GET https://localhost:7077/swagger/swagger-ui.css - 304 null null 386.1614ms
2026-06-06 13:26:25.941 +05:30 [INF] Request finished HTTP/2 GET https://localhost:7077/swagger/swagger-ui-bundle.js - 304 null null 439.1182ms
2026-06-06 13:26:25.954 +05:30 [INF] Request finished HTTP/2 GET https://localhost:7077/swagger/index.js - 304 null null 439.6261ms
2026-06-06 13:26:25.994 +05:30 [INF] Request finished HTTP/2 GET https://localhost:7077/swagger/index.css - 304 null null 494.1405ms
2026-06-06 13:26:26.297 +05:30 [INF] Request finished HTTP/2 GET https://localhost:7077/_vs/browserLink - 200 null text/javascript; charset=UTF-8 742.0643ms
2026-06-06 13:26:26.075 +05:30 [INF] Request finished HTTP/2 GET https://localhost:7077/_framework/aspnetcore-browser-refresh.js - 200 14939 application/javascript; charset=utf-8 556.6997ms
2026-06-06 13:26:26.859 +05:30 [INF] Request starting HTTP/2 GET https://localhost:7077/swagger/v1/swagger.json - null null
2026-06-06 13:26:27.133 +05:30 [INF] Request finished HTTP/2 GET https://localhost:7077/swagger/v1/swagger.json - 200 null application/json;charset=utf-8 273.7959ms
2026-06-06 13:26:42.648 +05:30 [INF] Request starting HTTP/2 GET https://localhost:7077/api/v1/Admin/stats - null null
2026-06-06 13:26:43.196 +05:30 [INF] Authorization failed. These requirements were not met:
RolesAuthorizationRequirement:User.IsInRole must be true for one of the following roles: (Admin)
2026-06-06 13:26:43.277 +05:30 [INF] AuthenticationScheme: Bearer was challenged.
2026-06-06 13:26:43.290 +05:30 [INF] Request finished HTTP/2 GET https://localhost:7077/api/v1/Admin/stats - 401 0 null 642.8235ms
2026-06-06 13:27:04.441 +05:30 [INF] Request starting HTTP/2 GET https://localhost:7077/api/v1/Admin/stats - null null
2026-06-06 13:27:04.478 +05:30 [INF] Authorization failed. These requirements were not met:
RolesAuthorizationRequirement:User.IsInRole must be true for one of the following roles: (Admin)
2026-06-06 13:27:04.490 +05:30 [INF] AuthenticationScheme: Bearer was challenged.
2026-06-06 13:27:04.497 +05:30 [INF] Request finished HTTP/2 GET https://localhost:7077/api/v1/Admin/stats - 401 0 null 55.8551ms
2026-06-06 13:27:31.416 +05:30 [INF] Request starting HTTP/2 GET https://localhost:7077/api/v1/Booking/user/2 - null null
2026-06-06 13:27:31.495 +05:30 [INF] Authorization failed. These requirements were not met:
DenyAnonymousAuthorizationRequirement: Requires an authenticated user.
2026-06-06 13:27:31.511 +05:30 [INF] AuthenticationScheme: Bearer was challenged.
2026-06-06 13:27:31.519 +05:30 [INF] Request finished HTTP/2 GET https://localhost:7077/api/v1/Booking/user/2 - 401 0 null 102.3058ms
2026-06-06 13:33:21.635 +05:30 [INF] User profile is available. Using 'C:\Users\kamalesh\AppData\Local\ASP.NET\DataProtection-Keys' as key repository and Windows DPAPI to encrypt keys at rest.
2026-06-06 13:33:22.053 +05:30 [INF] Now listening on: https://localhost:7077
2026-06-06 13:33:22.058 +05:30 [INF] Now listening on: http://localhost:5016
2026-06-06 13:33:22.427 +05:30 [INF] Application started. Press Ctrl+C to shut down.
2026-06-06 13:33:22.451 +05:30 [INF] Hosting environment: Development
2026-06-06 13:33:22.463 +05:30 [INF] Content root path: C:\Users\kamalesh\source\repos\training\CozyHavenStay.API
2026-06-06 13:33:22.815 +05:30 [INF] Request starting HTTP/2 GET https://localhost:7077/swagger/index.html - null null
2026-06-06 13:33:23.470 +05:30 [INF] Request finished HTTP/2 GET https://localhost:7077/swagger/index.html - 304 null null 657.0659ms
2026-06-06 13:33:23.497 +05:30 [INF] Request starting HTTP/2 GET https://localhost:7077/swagger/swagger-ui-bundle.js - null null
2026-06-06 13:33:23.497 +05:30 [INF] Request starting HTTP/2 GET https://localhost:7077/swagger/swagger-ui.css - null null
2026-06-06 13:33:23.497 +05:30 [INF] Request starting HTTP/2 GET https://localhost:7077/swagger/index.css - null null
2026-06-06 13:33:23.500 +05:30 [INF] Request starting HTTP/2 GET https://localhost:7077/swagger/swagger-ui-standalone-preset.js - null null
2026-06-06 13:33:23.500 +05:30 [INF] Request starting HTTP/2 GET https://localhost:7077/swagger/index.js - null null
2026-06-06 13:33:23.502 +05:30 [INF] Request starting HTTP/2 GET https://localhost:7077/_framework/aspnetcore-browser-refresh.js - null null
2026-06-06 13:33:23.509 +05:30 [INF] Request starting HTTP/2 GET https://localhost:7077/_vs/browserLink - null null
2026-06-06 13:33:23.552 +05:30 [INF] Request finished HTTP/2 GET https://localhost:7077/swagger/index.css - 304 null null 54.0978ms
2026-06-06 13:33:23.552 +05:30 [INF] Request finished HTTP/2 GET https://localhost:7077/swagger/swagger-ui.css - 304 null null 54.096ms
2026-06-06 13:33:23.553 +05:30 [INF] Request finished HTTP/2 GET https://localhost:7077/swagger/swagger-ui-bundle.js - 304 null null 55.1458ms
2026-06-06 13:33:23.562 +05:30 [INF] Request finished HTTP/2 GET https://localhost:7077/swagger/swagger-ui-standalone-preset.js - 304 null null 62.34ms
2026-06-06 13:33:23.577 +05:30 [INF] Request finished HTTP/2 GET https://localhost:7077/swagger/index.js - 304 null null 76.7704ms
2026-06-06 13:33:23.600 +05:30 [INF] Request finished HTTP/2 GET https://localhost:7077/_framework/aspnetcore-browser-refresh.js - 200 14939 application/javascript; charset=utf-8 97.4499ms
2026-06-06 13:33:23.636 +05:30 [INF] Request finished HTTP/2 GET https://localhost:7077/_vs/browserLink - 200 null text/javascript; charset=UTF-8 126.7233ms
2026-06-06 13:33:23.720 +05:30 [INF] Request starting HTTP/2 GET https://localhost:7077/swagger/v1/swagger.json - null null
2026-06-06 13:33:23.947 +05:30 [INF] Request finished HTTP/2 GET https://localhost:7077/swagger/v1/swagger.json - 200 null application/json;charset=utf-8 227.4307ms
2026-06-06 13:37:05.830 +05:30 [INF] Request starting HTTP/2 POST https://localhost:7077/api/v1/Auth/login - application/json 66
2026-06-06 13:37:05.971 +05:30 [INF] CORS policy execution failed.
2026-06-06 13:37:05.980 +05:30 [INF] Request origin https://localhost:7077 does not have permission to access the resource.
2026-06-06 13:37:06.130 +05:30 [INF] Executing endpoint 'CozyHavenStay.API.Controllers.AuthController.Login (CozyHavenStay.API)'
2026-06-06 13:37:06.341 +05:30 [INF] Route matched with {action = "Login", controller = "Auth"}. Executing controller action with signature System.Threading.Tasks.Task`1[Microsoft.AspNetCore.Mvc.IActionResult] Login(CozyHavenStay.API.DTOs.LoginDto) on controller CozyHavenStay.API.Controllers.AuthController (CozyHavenStay.API).
2026-06-06 13:37:09.500 +05:30 [WRN] No store type was specified for the decimal property 'TotalFare' on entity type 'Booking'. This will cause values to be silently truncated if they do not fit in the default precision and scale. Explicitly specify the SQL server column type that can accommodate all the values in 'OnModelCreating' using 'HasColumnType', specify precision and scale using 'HasPrecision', or configure a value converter using 'HasConversion'.
2026-06-06 13:37:09.509 +05:30 [WRN] No store type was specified for the decimal property 'ExtraCharge' on entity type 'BookingGuest'. This will cause values to be silently truncated if they do not fit in the default precision and scale. Explicitly specify the SQL server column type that can accommodate all the values in 'OnModelCreating' using 'HasColumnType', specify precision and scale using 'HasPrecision', or configure a value converter using 'HasConversion'.
2026-06-06 13:37:09.515 +05:30 [WRN] No store type was specified for the decimal property 'Amount' on entity type 'Payment'. This will cause values to be silently truncated if they do not fit in the default precision and scale. Explicitly specify the SQL server column type that can accommodate all the values in 'OnModelCreating' using 'HasColumnType', specify precision and scale using 'HasPrecision', or configure a value converter using 'HasConversion'.
2026-06-06 13:37:09.520 +05:30 [WRN] No store type was specified for the decimal property 'RefundAmount' on entity type 'Refund'. This will cause values to be silently truncated if they do not fit in the default precision and scale. Explicitly specify the SQL server column type that can accommodate all the values in 'OnModelCreating' using 'HasColumnType', specify precision and scale using 'HasPrecision', or configure a value converter using 'HasConversion'.
2026-06-06 13:37:09.526 +05:30 [WRN] No store type was specified for the decimal property 'BaseFare' on entity type 'Room'. This will cause values to be silently truncated if they do not fit in the default precision and scale. Explicitly specify the SQL server column type that can accommodate all the values in 'OnModelCreating' using 'HasColumnType', specify precision and scale using 'HasPrecision', or configure a value converter using 'HasConversion'.
2026-06-06 13:37:12.314 +05:30 [INF] Executed DbCommand (332ms) [Parameters=[@login_Email='?' (Size = 4000)], CommandType='"Text"', CommandTimeout='30']
SELECT TOP(1) [u].[UserId], [u].[Address], [u].[CreatedAt], [u].[Email], [u].[FullName], [u].[Gender], [u].[IsActive], [u].[Password], [u].[PhoneNumber], [u].[Role]
FROM [Users] AS [u]
WHERE [u].[Email] = @login_Email
2026-06-06 13:37:13.772 +05:30 [INF] Executing UnauthorizedObjectResult, writing value of type 'System.String'.
2026-06-06 13:37:13.798 +05:30 [INF] Executed action CozyHavenStay.API.Controllers.AuthController.Login (CozyHavenStay.API) in 7395.4941ms
2026-06-06 13:37:13.805 +05:30 [INF] Executed endpoint 'CozyHavenStay.API.Controllers.AuthController.Login (CozyHavenStay.API)'
2026-06-06 13:37:13.842 +05:30 [INF] Request finished HTTP/2 POST https://localhost:7077/api/v1/Auth/login - 401 null text/plain; charset=utf-8 8012.0966ms
2026-06-06 13:42:54.457 +05:30 [WRN] No store type was specified for the decimal property 'TotalFare' on entity type 'Booking'. This will cause values to be silently truncated if they do not fit in the default precision and scale. Explicitly specify the SQL server column type that can accommodate all the values in 'OnModelCreating' using 'HasColumnType', specify precision and scale using 'HasPrecision', or configure a value converter using 'HasConversion'.
2026-06-06 13:42:54.505 +05:30 [WRN] No store type was specified for the decimal property 'ExtraCharge' on entity type 'BookingGuest'. This will cause values to be silently truncated if they do not fit in the default precision and scale. Explicitly specify the SQL server column type that can accommodate all the values in 'OnModelCreating' using 'HasColumnType', specify precision and scale using 'HasPrecision', or configure a value converter using 'HasConversion'.
2026-06-06 13:42:54.506 +05:30 [WRN] No store type was specified for the decimal property 'Amount' on entity type 'Payment'. This will cause values to be silently truncated if they do not fit in the default precision and scale. Explicitly specify the SQL server column type that can accommodate all the values in 'OnModelCreating' using 'HasColumnType', specify precision and scale using 'HasPrecision', or configure a value converter using 'HasConversion'.
2026-06-06 13:42:54.506 +05:30 [WRN] No store type was specified for the decimal property 'RefundAmount' on entity type 'Refund'. This will cause values to be silently truncated if they do not fit in the default precision and scale. Explicitly specify the SQL server column type that can accommodate all the values in 'OnModelCreating' using 'HasColumnType', specify precision and scale using 'HasPrecision', or configure a value converter using 'HasConversion'.
2026-06-06 13:42:54.506 +05:30 [WRN] No store type was specified for the decimal property 'BaseFare' on entity type 'Room'. This will cause values to be silently truncated if they do not fit in the default precision and scale. Explicitly specify the SQL server column type that can accommodate all the values in 'OnModelCreating' using 'HasColumnType', specify precision and scale using 'HasPrecision', or configure a value converter using 'HasConversion'.
2026-06-06 13:42:55.035 +05:30 [INF] Executed DbCommand (30ms) [Parameters=[], CommandType='"Text"', CommandTimeout='30']
SELECT 1
2026-06-06 13:42:55.403 +05:30 [INF] Executed DbCommand (348ms) [Parameters=[], CommandType='"Text"', CommandTimeout='30']

IF EXISTS
    (SELECT *
     FROM [sys].[objects] o
     WHERE [o].[type] = 'U'
     AND [o].[is_ms_shipped] = 0
     AND [o].[object_id] NOT IN (SELECT [ep].[major_id]
        FROM [sys].[extended_properties] AS [ep]
        WHERE [ep].[minor_id] = 0
            AND [ep].[class] = 1
            AND [ep].[name] = N'microsoft_database_tools_support'
    )
)
SELECT 1 ELSE SELECT 0
2026-06-06 13:42:55.834 +05:30 [INF] Executed DbCommand (23ms) [Parameters=[], CommandType='"Text"', CommandTimeout='30']
SELECT CASE
    WHEN EXISTS (
        SELECT 1
        FROM [Users] AS [u]
        WHERE [u].[Email] = N'admin@cozyhaven.com') THEN CAST(1 AS bit)
    ELSE CAST(0 AS bit)
END
2026-06-06 13:42:55.861 +05:30 [INF] User profile is available. Using 'C:\Users\kamalesh\AppData\Local\ASP.NET\DataProtection-Keys' as key repository and Windows DPAPI to encrypt keys at rest.
2026-06-06 13:42:55.953 +05:30 [INF] Now listening on: http://localhost:5016
2026-06-06 13:42:55.956 +05:30 [INF] Application started. Press Ctrl+C to shut down.
2026-06-06 13:42:55.957 +05:30 [INF] Hosting environment: Development
2026-06-06 13:42:55.957 +05:30 [INF] Content root path: C:\Users\kamalesh\source\repos\training\CozyHavenStay.API
2026-06-06 13:43:45.484 +05:30 [WRN] No store type was specified for the decimal property 'TotalFare' on entity type 'Booking'. This will cause values to be silently truncated if they do not fit in the default precision and scale. Explicitly specify the SQL server column type that can accommodate all the values in 'OnModelCreating' using 'HasColumnType', specify precision and scale using 'HasPrecision', or configure a value converter using 'HasConversion'.
2026-06-06 13:43:45.529 +05:30 [WRN] No store type was specified for the decimal property 'ExtraCharge' on entity type 'BookingGuest'. This will cause values to be silently truncated if they do not fit in the default precision and scale. Explicitly specify the SQL server column type that can accommodate all the values in 'OnModelCreating' using 'HasColumnType', specify precision and scale using 'HasPrecision', or configure a value converter using 'HasConversion'.
2026-06-06 13:43:45.535 +05:30 [WRN] No store type was specified for the decimal property 'Amount' on entity type 'Payment'. This will cause values to be silently truncated if they do not fit in the default precision and scale. Explicitly specify the SQL server column type that can accommodate all the values in 'OnModelCreating' using 'HasColumnType', specify precision and scale using 'HasPrecision', or configure a value converter using 'HasConversion'.
2026-06-06 13:43:45.539 +05:30 [WRN] No store type was specified for the decimal property 'RefundAmount' on entity type 'Refund'. This will cause values to be silently truncated if they do not fit in the default precision and scale. Explicitly specify the SQL server column type that can accommodate all the values in 'OnModelCreating' using 'HasColumnType', specify precision and scale using 'HasPrecision', or configure a value converter using 'HasConversion'.
2026-06-06 13:43:45.549 +05:30 [WRN] No store type was specified for the decimal property 'BaseFare' on entity type 'Room'. This will cause values to be silently truncated if they do not fit in the default precision and scale. Explicitly specify the SQL server column type that can accommodate all the values in 'OnModelCreating' using 'HasColumnType', specify precision and scale using 'HasPrecision', or configure a value converter using 'HasConversion'.
2026-06-06 13:43:45.848 +05:30 [INF] Executed DbCommand (12ms) [Parameters=[], CommandType='"Text"', CommandTimeout='30']
SELECT 1
2026-06-06 13:43:45.975 +05:30 [INF] Executed DbCommand (109ms) [Parameters=[], CommandType='"Text"', CommandTimeout='30']

IF EXISTS
    (SELECT *
     FROM [sys].[objects] o
     WHERE [o].[type] = 'U'
     AND [o].[is_ms_shipped] = 0
     AND [o].[object_id] NOT IN (SELECT [ep].[major_id]
        FROM [sys].[extended_properties] AS [ep]
        WHERE [ep].[minor_id] = 0
            AND [ep].[class] = 1
            AND [ep].[name] = N'microsoft_database_tools_support'
    )
)
SELECT 1 ELSE SELECT 0
2026-06-06 13:43:46.482 +05:30 [INF] Executed DbCommand (13ms) [Parameters=[], CommandType='"Text"', CommandTimeout='30']
SELECT CASE
    WHEN EXISTS (
        SELECT 1
        FROM [Users] AS [u]
        WHERE [u].[Email] = N'admin@cozyhaven.com') THEN CAST(1 AS bit)
    ELSE CAST(0 AS bit)
END
2026-06-06 13:43:46.535 +05:30 [INF] User profile is available. Using 'C:\Users\kamalesh\AppData\Local\ASP.NET\DataProtection-Keys' as key repository and Windows DPAPI to encrypt keys at rest.
2026-06-06 13:43:46.708 +05:30 [INF] Now listening on: https://localhost:7077
2026-06-06 13:43:46.710 +05:30 [INF] Now listening on: http://localhost:5016
2026-06-06 13:43:47.069 +05:30 [INF] Application started. Press Ctrl+C to shut down.
2026-06-06 13:43:47.107 +05:30 [INF] Hosting environment: Development
2026-06-06 13:43:47.160 +05:30 [INF] Content root path: C:\Users\kamalesh\source\repos\training\CozyHavenStay.API
2026-06-06 13:43:47.774 +05:30 [INF] Request starting HTTP/2 GET https://localhost:7077/swagger/index.html - null null
2026-06-06 13:43:48.430 +05:30 [INF] Request finished HTTP/2 GET https://localhost:7077/swagger/index.html - 304 null null 664.8291ms
2026-06-06 13:43:54.666 +05:30 [INF] Request starting HTTP/2 GET https://localhost:7077/swagger/swagger-ui.css - null null
2026-06-06 13:43:54.666 +05:30 [INF] Request starting HTTP/2 GET https://localhost:7077/swagger/swagger-ui-standalone-preset.js - null null
2026-06-06 13:43:54.666 +05:30 [INF] Request starting HTTP/2 GET https://localhost:7077/swagger/swagger-ui-bundle.js - null null
2026-06-06 13:43:54.666 +05:30 [INF] Request starting HTTP/2 GET https://localhost:7077/swagger/index.css - null null
2026-06-06 13:43:54.667 +05:30 [INF] Request starting HTTP/2 GET https://localhost:7077/_framework/aspnetcore-browser-refresh.js - null null
2026-06-06 13:43:54.669 +05:30 [INF] Request starting HTTP/2 GET https://localhost:7077/swagger/index.js - null null
2026-06-06 13:43:54.671 +05:30 [INF] Request starting HTTP/2 GET https://localhost:7077/_vs/browserLink - null null
2026-06-06 13:43:54.704 +05:30 [INF] Request finished HTTP/2 GET https://localhost:7077/swagger/swagger-ui-standalone-preset.js - 304 null null 37.8585ms
2026-06-06 13:43:54.704 +05:30 [INF] Request finished HTTP/2 GET https://localhost:7077/swagger/swagger-ui.css - 304 null null 39.026ms
2026-06-06 13:43:54.726 +05:30 [INF] Request finished HTTP/2 GET https://localhost:7077/swagger/index.css - 304 null null 59.5402ms
2026-06-06 13:43:54.733 +05:30 [INF] Request finished HTTP/2 GET https://localhost:7077/swagger/swagger-ui-bundle.js - 304 null null 70.5389ms
2026-06-06 13:43:54.757 +05:30 [INF] Request finished HTTP/2 GET https://localhost:7077/swagger/index.js - 304 null null 88.7444ms
2026-06-06 13:43:54.761 +05:30 [INF] Request finished HTTP/2 GET https://localhost:7077/_framework/aspnetcore-browser-refresh.js - 200 14939 application/javascript; charset=utf-8 93.5899ms
2026-06-06 13:43:54.875 +05:30 [INF] Request finished HTTP/2 GET https://localhost:7077/_vs/browserLink - 200 null text/javascript; charset=UTF-8 203.549ms
2026-06-06 13:43:54.954 +05:30 [INF] Request starting HTTP/2 GET https://localhost:7077/swagger/v1/swagger.json - null null
2026-06-06 13:43:55.081 +05:30 [INF] Request finished HTTP/2 GET https://localhost:7077/swagger/v1/swagger.json - 200 null application/json;charset=utf-8 127.3771ms
2026-06-06 13:44:19.350 +05:30 [INF] Request starting HTTP/2 POST https://localhost:7077/api/v1/Auth/login - application/json 63
2026-06-06 13:44:19.519 +05:30 [INF] CORS policy execution failed.
2026-06-06 13:44:19.532 +05:30 [INF] Request origin https://localhost:7077 does not have permission to access the resource.
2026-06-06 13:44:19.633 +05:30 [INF] Executing endpoint 'CozyHavenStay.API.Controllers.AuthController.Login (CozyHavenStay.API)'
2026-06-06 13:44:19.726 +05:30 [INF] Route matched with {action = "Login", controller = "Auth"}. Executing controller action with signature System.Threading.Tasks.Task`1[Microsoft.AspNetCore.Mvc.IActionResult] Login(CozyHavenStay.API.DTOs.LoginDto) on controller CozyHavenStay.API.Controllers.AuthController (CozyHavenStay.API).
2026-06-06 13:44:20.267 +05:30 [INF] Executed DbCommand (103ms) [Parameters=[@login_Email='?' (Size = 4000)], CommandType='"Text"', CommandTimeout='30']
SELECT TOP(1) [u].[UserId], [u].[Address], [u].[CreatedAt], [u].[Email], [u].[FullName], [u].[Gender], [u].[IsActive], [u].[Password], [u].[PhoneNumber], [u].[Role]
FROM [Users] AS [u]
WHERE [u].[Email] = @login_Email
2026-06-06 13:44:21.839 +05:30 [INF] Executing UnauthorizedObjectResult, writing value of type 'System.String'.
2026-06-06 13:44:21.893 +05:30 [INF] Executed action CozyHavenStay.API.Controllers.AuthController.Login (CozyHavenStay.API) in 2117.8246ms
2026-06-06 13:44:22.197 +05:30 [INF] Executed endpoint 'CozyHavenStay.API.Controllers.AuthController.Login (CozyHavenStay.API)'
2026-06-06 13:44:22.231 +05:30 [INF] Request finished HTTP/2 POST https://localhost:7077/api/v1/Auth/login - 401 null text/plain; charset=utf-8 2881.3759ms
2026-06-06 13:46:06.076 +05:30 [INF] Request starting HTTP/2 OPTIONS https://localhost:7077/api/v1/Booking/user/10 - null null
2026-06-06 13:46:06.077 +05:30 [INF] Request starting HTTP/2 OPTIONS https://localhost:7077/api/v1/Booking/user/10 - null null
2026-06-06 13:46:06.093 +05:30 [INF] CORS policy execution successful.
2026-06-06 13:46:06.104 +05:30 [INF] CORS policy execution successful.
2026-06-06 13:46:06.106 +05:30 [INF] Request finished HTTP/2 OPTIONS https://localhost:7077/api/v1/Booking/user/10 - 204 null null 30.2447ms
2026-06-06 13:46:06.111 +05:30 [INF] Request finished HTTP/2 OPTIONS https://localhost:7077/api/v1/Booking/user/10 - 204 null null 34.1849ms
2026-06-06 13:46:06.112 +05:30 [INF] Request starting HTTP/2 GET https://localhost:7077/api/v1/Booking/user/10 - null null
2026-06-06 13:46:06.160 +05:30 [INF] CORS policy execution successful.
2026-06-06 13:46:06.356 +05:30 [INF] Executing endpoint 'CozyHavenStay.API.Controllers.BookingController.GetBookingsByUser (CozyHavenStay.API)'
2026-06-06 13:46:06.391 +05:30 [INF] Route matched with {action = "GetBookingsByUser", controller = "Booking"}. Executing controller action with signature System.Threading.Tasks.Task`1[Microsoft.AspNetCore.Mvc.IActionResult] GetBookingsByUser(Int32) on controller CozyHavenStay.API.Controllers.BookingController (CozyHavenStay.API).
2026-06-06 13:46:06.731 +05:30 [INF] Executed DbCommand (33ms) [Parameters=[@userId='?' (DbType = Int32)], CommandType='"Text"', CommandTimeout='30']
SELECT [b].[BookingId], [b].[BookingDate], [b].[BookingStatus], [b].[CheckInDate], [b].[CheckOutDate], [b].[NoOfAdults], [b].[NoOfChildren], [b].[NoOfRooms], [b].[RoomId], [b].[TotalFare], [b].[UserId]
FROM [Bookings] AS [b]
WHERE [b].[UserId] = @userId
2026-06-06 13:46:06.828 +05:30 [INF] Executing OkObjectResult, writing value of type 'System.Collections.Generic.List`1[[CozyHavenStay.API.Models.Booking, CozyHavenStay.API, Version=1.0.0.0, Culture=neutral, PublicKeyToken=null]]'.
2026-06-06 13:46:06.911 +05:30 [INF] Executed action CozyHavenStay.API.Controllers.BookingController.GetBookingsByUser (CozyHavenStay.API) in 509.9669ms
2026-06-06 13:46:06.915 +05:30 [INF] Request starting HTTP/2 GET https://localhost:7077/api/v1/Booking/user/10 - null null
2026-06-06 13:46:06.926 +05:30 [INF] Executed endpoint 'CozyHavenStay.API.Controllers.BookingController.GetBookingsByUser (CozyHavenStay.API)'
2026-06-06 13:46:06.942 +05:30 [INF] CORS policy execution successful.
2026-06-06 13:46:06.955 +05:30 [INF] Request finished HTTP/2 GET https://localhost:7077/api/v1/Booking/user/10 - 200 null application/json; charset=utf-8 842.6914ms
2026-06-06 13:46:06.978 +05:30 [INF] Executing endpoint 'CozyHavenStay.API.Controllers.BookingController.GetBookingsByUser (CozyHavenStay.API)'
2026-06-06 13:46:07.143 +05:30 [INF] Route matched with {action = "GetBookingsByUser", controller = "Booking"}. Executing controller action with signature System.Threading.Tasks.Task`1[Microsoft.AspNetCore.Mvc.IActionResult] GetBookingsByUser(Int32) on controller CozyHavenStay.API.Controllers.BookingController (CozyHavenStay.API).
2026-06-06 13:46:07.308 +05:30 [INF] Executed DbCommand (5ms) [Parameters=[@userId='?' (DbType = Int32)], CommandType='"Text"', CommandTimeout='30']
SELECT [b].[BookingId], [b].[BookingDate], [b].[BookingStatus], [b].[CheckInDate], [b].[CheckOutDate], [b].[NoOfAdults], [b].[NoOfChildren], [b].[NoOfRooms], [b].[RoomId], [b].[TotalFare], [b].[UserId]
FROM [Bookings] AS [b]
WHERE [b].[UserId] = @userId
2026-06-06 13:46:07.343 +05:30 [INF] Executing OkObjectResult, writing value of type 'System.Collections.Generic.List`1[[CozyHavenStay.API.Models.Booking, CozyHavenStay.API, Version=1.0.0.0, Culture=neutral, PublicKeyToken=null]]'.
2026-06-06 13:46:07.348 +05:30 [INF] Executed action CozyHavenStay.API.Controllers.BookingController.GetBookingsByUser (CozyHavenStay.API) in 65.987ms
2026-06-06 13:46:07.354 +05:30 [INF] Executed endpoint 'CozyHavenStay.API.Controllers.BookingController.GetBookingsByUser (CozyHavenStay.API)'
2026-06-06 13:46:07.358 +05:30 [INF] Request finished HTTP/2 GET https://localhost:7077/api/v1/Booking/user/10 - 200 null application/json; charset=utf-8 443.1932ms
2026-06-06 13:46:37.030 +05:30 [INF] Request starting HTTP/2 OPTIONS https://localhost:7077/api/v1/Auth/login - null null
2026-06-06 13:46:37.093 +05:30 [INF] CORS policy execution successful.
2026-06-06 13:46:37.103 +05:30 [INF] Request finished HTTP/2 OPTIONS https://localhost:7077/api/v1/Auth/login - 204 null null 73.5308ms
2026-06-06 13:46:37.107 +05:30 [INF] Request starting HTTP/2 POST https://localhost:7077/api/v1/Auth/login - application/json 54
2026-06-06 13:46:37.146 +05:30 [INF] CORS policy execution successful.
2026-06-06 13:46:37.150 +05:30 [INF] Executing endpoint 'CozyHavenStay.API.Controllers.AuthController.Login (CozyHavenStay.API)'
2026-06-06 13:46:37.152 +05:30 [INF] Route matched with {action = "Login", controller = "Auth"}. Executing controller action with signature System.Threading.Tasks.Task`1[Microsoft.AspNetCore.Mvc.IActionResult] Login(CozyHavenStay.API.DTOs.LoginDto) on controller CozyHavenStay.API.Controllers.AuthController (CozyHavenStay.API).
2026-06-06 13:46:37.182 +05:30 [INF] Executed DbCommand (14ms) [Parameters=[@login_Email='?' (Size = 4000)], CommandType='"Text"', CommandTimeout='30']
SELECT TOP(1) [u].[UserId], [u].[Address], [u].[CreatedAt], [u].[Email], [u].[FullName], [u].[Gender], [u].[IsActive], [u].[Password], [u].[PhoneNumber], [u].[Role]
FROM [Users] AS [u]
WHERE [u].[Email] = @login_Email
2026-06-06 13:46:37.704 +05:30 [INF] Executing OkObjectResult, writing value of type '<>f__AnonymousType7`4[[System.String, System.Private.CoreLib, Version=10.0.0.0, Culture=neutral, PublicKeyToken=7cec85d7bea7798e],[System.String, System.Private.CoreLib, Version=10.0.0.0, Culture=neutral, PublicKeyToken=7cec85d7bea7798e],[System.String, System.Private.CoreLib, Version=10.0.0.0, Culture=neutral, PublicKeyToken=7cec85d7bea7798e],[System.Int32, System.Private.CoreLib, Version=10.0.0.0, Culture=neutral, PublicKeyToken=7cec85d7bea7798e]]'.
2026-06-06 13:46:37.732 +05:30 [INF] Executed action CozyHavenStay.API.Controllers.AuthController.Login (CozyHavenStay.API) in 572.8207ms
2026-06-06 13:46:37.799 +05:30 [INF] Executed endpoint 'CozyHavenStay.API.Controllers.AuthController.Login (CozyHavenStay.API)'
2026-06-06 13:46:37.923 +05:30 [INF] Request finished HTTP/2 POST https://localhost:7077/api/v1/Auth/login - 200 null application/json; charset=utf-8 815.9ms
2026-06-06 13:46:37.971 +05:30 [INF] Request starting HTTP/2 OPTIONS https://localhost:7077/api/v1/Admin/stats - null null
2026-06-06 13:46:37.971 +05:30 [INF] Request starting HTTP/2 OPTIONS https://localhost:7077/api/v1/Admin/stats - null null
2026-06-06 13:46:38.109 +05:30 [INF] CORS policy execution successful.
2026-06-06 13:46:38.120 +05:30 [INF] CORS policy execution successful.
2026-06-06 13:46:38.127 +05:30 [INF] Request finished HTTP/2 OPTIONS https://localhost:7077/api/v1/Admin/stats - 204 null null 156.4426ms
2026-06-06 13:46:38.136 +05:30 [INF] Request finished HTTP/2 OPTIONS https://localhost:7077/api/v1/Admin/stats - 204 null null 165.0479ms
2026-06-06 13:46:38.144 +05:30 [INF] Request starting HTTP/2 GET https://localhost:7077/api/v1/Admin/stats - null null
2026-06-06 13:46:38.183 +05:30 [INF] CORS policy execution successful.
2026-06-06 13:46:38.200 +05:30 [INF] Executing endpoint 'CozyHavenStay.API.Controllers.AdminController.GetSystemStats (CozyHavenStay.API)'
2026-06-06 13:46:38.218 +05:30 [INF] Route matched with {action = "GetSystemStats", controller = "Admin"}. Executing controller action with signature System.Threading.Tasks.Task`1[Microsoft.AspNetCore.Mvc.IActionResult] GetSystemStats() on controller CozyHavenStay.API.Controllers.AdminController (CozyHavenStay.API).
2026-06-06 13:46:38.391 +05:30 [INF] Executed DbCommand (28ms) [Parameters=[], CommandType='"Text"', CommandTimeout='30']
SELECT COUNT(*)
FROM [Users] AS [u]
2026-06-06 13:46:38.454 +05:30 [INF] Executed DbCommand (31ms) [Parameters=[], CommandType='"Text"', CommandTimeout='30']
SELECT COUNT(*)
FROM [Hotels] AS [h]
2026-06-06 13:46:38.493 +05:30 [INF] Executed DbCommand (12ms) [Parameters=[], CommandType='"Text"', CommandTimeout='30']
SELECT COUNT(*)
FROM [Rooms] AS [r]
2026-06-06 13:46:38.519 +05:30 [INF] Executed DbCommand (7ms) [Parameters=[], CommandType='"Text"', CommandTimeout='30']
SELECT COUNT(*)
FROM [Bookings] AS [b]
2026-06-06 13:46:38.615 +05:30 [INF] Executed DbCommand (37ms) [Parameters=[], CommandType='"Text"', CommandTimeout='30']
SELECT COALESCE(SUM([p].[Amount]), 0.0)
FROM [Payments] AS [p]
WHERE [p].[PaymentStatus] = N'Success'
2026-06-06 13:46:38.633 +05:30 [INF] Executing OkObjectResult, writing value of type '<>f__AnonymousType0`5[[System.Int32, System.Private.CoreLib, Version=10.0.0.0, Culture=neutral, PublicKeyToken=7cec85d7bea7798e],[System.Int32, System.Private.CoreLib, Version=10.0.0.0, Culture=neutral, PublicKeyToken=7cec85d7bea7798e],[System.Int32, System.Private.CoreLib, Version=10.0.0.0, Culture=neutral, PublicKeyToken=7cec85d7bea7798e],[System.Int32, System.Private.CoreLib, Version=10.0.0.0, Culture=neutral, PublicKeyToken=7cec85d7bea7798e],[System.Decimal, System.Private.CoreLib, Version=10.0.0.0, Culture=neutral, PublicKeyToken=7cec85d7bea7798e]]'.
2026-06-06 13:46:38.646 +05:30 [INF] Executed action CozyHavenStay.API.Controllers.AdminController.GetSystemStats (CozyHavenStay.API) in 422.2577ms
2026-06-06 13:46:38.653 +05:30 [INF] Request starting HTTP/2 GET https://localhost:7077/api/v1/Admin/stats - null null
2026-06-06 13:46:38.654 +05:30 [INF] Executed endpoint 'CozyHavenStay.API.Controllers.AdminController.GetSystemStats (CozyHavenStay.API)'
2026-06-06 13:46:38.666 +05:30 [INF] Request finished HTTP/2 GET https://localhost:7077/api/v1/Admin/stats - 200 null application/json; charset=utf-8 522.0656ms
2026-06-06 13:46:38.662 +05:30 [INF] CORS policy execution successful.
2026-06-06 13:46:38.678 +05:30 [INF] Executing endpoint 'CozyHavenStay.API.Controllers.AdminController.GetSystemStats (CozyHavenStay.API)'
2026-06-06 13:46:38.680 +05:30 [INF] Route matched with {action = "GetSystemStats", controller = "Admin"}. Executing controller action with signature System.Threading.Tasks.Task`1[Microsoft.AspNetCore.Mvc.IActionResult] GetSystemStats() on controller CozyHavenStay.API.Controllers.AdminController (CozyHavenStay.API).
2026-06-06 13:46:38.693 +05:30 [INF] Executed DbCommand (1ms) [Parameters=[], CommandType='"Text"', CommandTimeout='30']
SELECT COUNT(*)
FROM [Users] AS [u]
2026-06-06 13:46:38.707 +05:30 [INF] Executed DbCommand (2ms) [Parameters=[], CommandType='"Text"', CommandTimeout='30']
SELECT COUNT(*)
FROM [Hotels] AS [h]
2026-06-06 13:46:38.715 +05:30 [INF] Executed DbCommand (1ms) [Parameters=[], CommandType='"Text"', CommandTimeout='30']
SELECT COUNT(*)
FROM [Rooms] AS [r]
2026-06-06 13:46:38.728 +05:30 [INF] Executed DbCommand (3ms) [Parameters=[], CommandType='"Text"', CommandTimeout='30']
SELECT COUNT(*)
FROM [Bookings] AS [b]
2026-06-06 13:46:38.742 +05:30 [INF] Executed DbCommand (2ms) [Parameters=[], CommandType='"Text"', CommandTimeout='30']
SELECT COALESCE(SUM([p].[Amount]), 0.0)
FROM [Payments] AS [p]
WHERE [p].[PaymentStatus] = N'Success'
2026-06-06 13:46:38.754 +05:30 [INF] Executing OkObjectResult, writing value of type '<>f__AnonymousType0`5[[System.Int32, System.Private.CoreLib, Version=10.0.0.0, Culture=neutral, PublicKeyToken=7cec85d7bea7798e],[System.Int32, System.Private.CoreLib, Version=10.0.0.0, Culture=neutral, PublicKeyToken=7cec85d7bea7798e],[System.Int32, System.Private.CoreLib, Version=10.0.0.0, Culture=neutral, PublicKeyToken=7cec85d7bea7798e],[System.Int32, System.Private.CoreLib, Version=10.0.0.0, Culture=neutral, PublicKeyToken=7cec85d7bea7798e],[System.Decimal, System.Private.CoreLib, Version=10.0.0.0, Culture=neutral, PublicKeyToken=7cec85d7bea7798e]]'.
2026-06-06 13:46:38.763 +05:30 [INF] Executed action CozyHavenStay.API.Controllers.AdminController.GetSystemStats (CozyHavenStay.API) in 75.0895ms
2026-06-06 13:46:38.768 +05:30 [INF] Executed endpoint 'CozyHavenStay.API.Controllers.AdminController.GetSystemStats (CozyHavenStay.API)'
2026-06-06 13:46:38.773 +05:30 [INF] Request finished HTTP/2 GET https://localhost:7077/api/v1/Admin/stats - 200 null application/json; charset=utf-8 120.0003ms
2026-06-06 13:47:09.400 +05:30 [INF] Request starting HTTP/2 POST https://localhost:7077/api/v1/Auth/login - application/json 63
2026-06-06 13:47:09.413 +05:30 [INF] CORS policy execution failed.
2026-06-06 13:47:09.418 +05:30 [INF] Request origin https://localhost:7077 does not have permission to access the resource.
2026-06-06 13:47:09.423 +05:30 [INF] Executing endpoint 'CozyHavenStay.API.Controllers.AuthController.Login (CozyHavenStay.API)'
2026-06-06 13:47:09.426 +05:30 [INF] Route matched with {action = "Login", controller = "Auth"}. Executing controller action with signature System.Threading.Tasks.Task`1[Microsoft.AspNetCore.Mvc.IActionResult] Login(CozyHavenStay.API.DTOs.LoginDto) on controller CozyHavenStay.API.Controllers.AuthController (CozyHavenStay.API).
2026-06-06 13:47:09.441 +05:30 [INF] Executed DbCommand (1ms) [Parameters=[@login_Email='?' (Size = 4000)], CommandType='"Text"', CommandTimeout='30']
SELECT TOP(1) [u].[UserId], [u].[Address], [u].[CreatedAt], [u].[Email], [u].[FullName], [u].[Gender], [u].[IsActive], [u].[Password], [u].[PhoneNumber], [u].[Role]
FROM [Users] AS [u]
WHERE [u].[Email] = @login_Email
2026-06-06 13:47:09.714 +05:30 [INF] Executing UnauthorizedObjectResult, writing value of type 'System.String'.
2026-06-06 13:47:09.722 +05:30 [INF] Executed action CozyHavenStay.API.Controllers.AuthController.Login (CozyHavenStay.API) in 285.0474ms
2026-06-06 13:47:09.728 +05:30 [INF] Executed endpoint 'CozyHavenStay.API.Controllers.AuthController.Login (CozyHavenStay.API)'
2026-06-06 13:47:09.733 +05:30 [INF] Request finished HTTP/2 POST https://localhost:7077/api/v1/Auth/login - 401 null text/plain; charset=utf-8 333.2042ms
2026-06-06 13:48:12.050 +05:30 [INF] Request starting HTTP/2 OPTIONS https://localhost:7077/api/v1/Auth/login - null null
2026-06-06 13:48:12.097 +05:30 [INF] CORS policy execution successful.
2026-06-06 13:48:12.108 +05:30 [INF] Request finished HTTP/2 OPTIONS https://localhost:7077/api/v1/Auth/login - 204 null null 58.5574ms
2026-06-06 13:48:12.112 +05:30 [INF] Request starting HTTP/2 POST https://localhost:7077/api/v1/Auth/login - application/json 55
2026-06-06 13:48:12.153 +05:30 [INF] CORS policy execution successful.
2026-06-06 13:48:12.159 +05:30 [INF] Executing endpoint 'CozyHavenStay.API.Controllers.AuthController.Login (CozyHavenStay.API)'
2026-06-06 13:48:12.168 +05:30 [INF] Route matched with {action = "Login", controller = "Auth"}. Executing controller action with signature System.Threading.Tasks.Task`1[Microsoft.AspNetCore.Mvc.IActionResult] Login(CozyHavenStay.API.DTOs.LoginDto) on controller CozyHavenStay.API.Controllers.AuthController (CozyHavenStay.API).
2026-06-06 13:48:12.229 +05:30 [INF] Executed DbCommand (33ms) [Parameters=[@login_Email='?' (Size = 4000)], CommandType='"Text"', CommandTimeout='30']
SELECT TOP(1) [u].[UserId], [u].[Address], [u].[CreatedAt], [u].[Email], [u].[FullName], [u].[Gender], [u].[IsActive], [u].[Password], [u].[PhoneNumber], [u].[Role]
FROM [Users] AS [u]
WHERE [u].[Email] = @login_Email
2026-06-06 13:48:12.595 +05:30 [INF] Executing UnauthorizedObjectResult, writing value of type 'System.String'.
2026-06-06 13:48:12.602 +05:30 [INF] Executed action CozyHavenStay.API.Controllers.AuthController.Login (CozyHavenStay.API) in 410.4263ms
2026-06-06 13:48:12.617 +05:30 [INF] Executed endpoint 'CozyHavenStay.API.Controllers.AuthController.Login (CozyHavenStay.API)'
2026-06-06 13:48:12.624 +05:30 [INF] Request finished HTTP/2 POST https://localhost:7077/api/v1/Auth/login - 401 null text/plain; charset=utf-8 511.0201ms
2026-06-06 13:49:42.592 +05:30 [INF] Request starting HTTP/2 POST https://localhost:7077/api/v1/Auth/login - application/json 63
2026-06-06 13:49:42.619 +05:30 [INF] CORS policy execution failed.
2026-06-06 13:49:42.626 +05:30 [INF] Request origin https://localhost:7077 does not have permission to access the resource.
2026-06-06 13:49:42.640 +05:30 [INF] Executing endpoint 'CozyHavenStay.API.Controllers.AuthController.Login (CozyHavenStay.API)'
2026-06-06 13:49:42.655 +05:30 [INF] Route matched with {action = "Login", controller = "Auth"}. Executing controller action with signature System.Threading.Tasks.Task`1[Microsoft.AspNetCore.Mvc.IActionResult] Login(CozyHavenStay.API.DTOs.LoginDto) on controller CozyHavenStay.API.Controllers.AuthController (CozyHavenStay.API).
2026-06-06 13:49:42.731 +05:30 [INF] Executed DbCommand (45ms) [Parameters=[@login_Email='?' (Size = 4000)], CommandType='"Text"', CommandTimeout='30']
SELECT TOP(1) [u].[UserId], [u].[Address], [u].[CreatedAt], [u].[Email], [u].[FullName], [u].[Gender], [u].[IsActive], [u].[Password], [u].[PhoneNumber], [u].[Role]
FROM [Users] AS [u]
WHERE [u].[Email] = @login_Email
2026-06-06 13:49:43.016 +05:30 [INF] Executing OkObjectResult, writing value of type '<>f__AnonymousType7`4[[System.String, System.Private.CoreLib, Version=10.0.0.0, Culture=neutral, PublicKeyToken=7cec85d7bea7798e],[System.String, System.Private.CoreLib, Version=10.0.0.0, Culture=neutral, PublicKeyToken=7cec85d7bea7798e],[System.String, System.Private.CoreLib, Version=10.0.0.0, Culture=neutral, PublicKeyToken=7cec85d7bea7798e],[System.Int32, System.Private.CoreLib, Version=10.0.0.0, Culture=neutral, PublicKeyToken=7cec85d7bea7798e]]'.
2026-06-06 13:49:43.028 +05:30 [INF] Executed action CozyHavenStay.API.Controllers.AuthController.Login (CozyHavenStay.API) in 345.9693ms
2026-06-06 13:49:43.037 +05:30 [INF] Executed endpoint 'CozyHavenStay.API.Controllers.AuthController.Login (CozyHavenStay.API)'
2026-06-06 13:49:43.043 +05:30 [INF] Request finished HTTP/2 POST https://localhost:7077/api/v1/Auth/login - 200 null application/json; charset=utf-8 451.6066ms
2026-06-06 13:50:01.760 +05:30 [INF] Request starting HTTP/2 GET https://localhost:7077/api/v1/Admin/stats - null null
2026-06-06 13:50:01.794 +05:30 [INF] Authorization failed. These requirements were not met:
RolesAuthorizationRequirement:User.IsInRole must be true for one of the following roles: (Admin)
2026-06-06 13:50:01.816 +05:30 [INF] AuthenticationScheme: Bearer was challenged.
2026-06-06 13:50:01.825 +05:30 [INF] Request finished HTTP/2 GET https://localhost:7077/api/v1/Admin/stats - 401 0 null 64.7463ms
2026-06-06 13:51:47.306 +05:30 [INF] Request starting HTTP/2 GET https://localhost:7077/api/v1/Admin/stats - null null
2026-06-06 13:51:47.324 +05:30 [INF] Authorization failed. These requirements were not met:
RolesAuthorizationRequirement:User.IsInRole must be true for one of the following roles: (Admin)
2026-06-06 13:51:47.331 +05:30 [INF] AuthenticationScheme: Bearer was challenged.
2026-06-06 13:51:47.337 +05:30 [INF] Request finished HTTP/2 GET https://localhost:7077/api/v1/Admin/stats - 401 0 null 30.7472ms
2026-06-06 13:51:52.491 +05:30 [INF] Request starting HTTP/2 GET https://localhost:7077/api/v1/Admin/stats - null null
2026-06-06 13:51:52.535 +05:30 [INF] Authorization failed. These requirements were not met:
RolesAuthorizationRequirement:User.IsInRole must be true for one of the following roles: (Admin)
2026-06-06 13:51:52.555 +05:30 [INF] AuthenticationScheme: Bearer was challenged.
2026-06-06 13:51:52.571 +05:30 [INF] Request finished HTTP/2 GET https://localhost:7077/api/v1/Admin/stats - 401 0 null 79.8901ms
2026-06-06 13:51:58.228 +05:30 [INF] Request starting HTTP/2 GET https://localhost:7077/api/v1/Admin/stats - null null
2026-06-06 13:51:58.242 +05:30 [INF] Authorization failed. These requirements were not met:
RolesAuthorizationRequirement:User.IsInRole must be true for one of the following roles: (Admin)
2026-06-06 13:51:58.245 +05:30 [INF] AuthenticationScheme: Bearer was challenged.
2026-06-06 13:51:58.249 +05:30 [INF] Request finished HTTP/2 GET https://localhost:7077/api/v1/Admin/stats - 401 0 null 20.8578ms
2026-06-06 13:52:07.892 +05:30 [INF] Request starting HTTP/2 GET https://localhost:7077/api/v1/Admin/revenue-report - null null
2026-06-06 13:52:08.068 +05:30 [INF] Authorization failed. These requirements were not met:
RolesAuthorizationRequirement:User.IsInRole must be true for one of the following roles: (Admin)
2026-06-06 13:52:08.079 +05:30 [INF] AuthenticationScheme: Bearer was challenged.
2026-06-06 13:52:08.081 +05:30 [INF] Request finished HTTP/2 GET https://localhost:7077/api/v1/Admin/revenue-report - 401 0 null 189.6356ms
2026-06-06 13:52:17.223 +05:30 [INF] Request starting HTTP/2 GET https://localhost:7077/swagger/index.html - null null
2026-06-06 13:52:17.332 +05:30 [INF] Request finished HTTP/2 GET https://localhost:7077/swagger/index.html - 304 null null 109.5769ms
2026-06-06 13:52:17.376 +05:30 [INF] Request starting HTTP/2 GET https://localhost:7077/swagger/index.css - null null
2026-06-06 13:52:17.376 +05:30 [INF] Request starting HTTP/2 GET https://localhost:7077/swagger/swagger-ui.css - null null
2026-06-06 13:52:17.376 +05:30 [INF] Request starting HTTP/2 GET https://localhost:7077/_framework/aspnetcore-browser-refresh.js - null null
2026-06-06 13:52:17.381 +05:30 [INF] Request starting HTTP/2 GET https://localhost:7077/swagger/swagger-ui-bundle.js - null null
2026-06-06 13:52:17.382 +05:30 [INF] Request starting HTTP/2 GET https://localhost:7077/swagger/swagger-ui-standalone-preset.js - null null
2026-06-06 13:52:17.384 +05:30 [INF] Request starting HTTP/2 GET https://localhost:7077/swagger/index.js - null null
2026-06-06 13:52:17.386 +05:30 [INF] Request starting HTTP/2 GET https://localhost:7077/_vs/browserLink - null null
2026-06-06 13:52:17.409 +05:30 [INF] Request finished HTTP/2 GET https://localhost:7077/swagger/index.css - 304 null null 33.3221ms
2026-06-06 13:52:17.413 +05:30 [INF] Request finished HTTP/2 GET https://localhost:7077/swagger/swagger-ui.css - 304 null null 37.0418ms
2026-06-06 13:52:17.422 +05:30 [INF] Request finished HTTP/2 GET https://localhost:7077/_framework/aspnetcore-browser-refresh.js - 200 14939 application/javascript; charset=utf-8 45.3573ms
2026-06-06 13:52:17.430 +05:30 [INF] Request finished HTTP/2 GET https://localhost:7077/swagger/swagger-ui-bundle.js - 304 null null 49.0763ms
2026-06-06 13:52:17.437 +05:30 [INF] Request finished HTTP/2 GET https://localhost:7077/swagger/swagger-ui-standalone-preset.js - 304 null null 55.2798ms
2026-06-06 13:52:17.442 +05:30 [INF] Request finished HTTP/2 GET https://localhost:7077/swagger/index.js - 304 null null 58.1937ms
2026-06-06 13:52:17.484 +05:30 [INF] Request finished HTTP/2 GET https://localhost:7077/_vs/browserLink - 200 null text/javascript; charset=UTF-8 97.0465ms
2026-06-06 13:52:17.577 +05:30 [INF] Request starting HTTP/2 GET https://localhost:7077/swagger/favicon-32x32.png - null null
2026-06-06 13:52:17.577 +05:30 [INF] Request starting HTTP/2 GET https://localhost:7077/swagger/v1/swagger.json - null null
2026-06-06 13:52:17.610 +05:30 [INF] Request finished HTTP/2 GET https://localhost:7077/swagger/favicon-32x32.png - 304 null null 32.5112ms
2026-06-06 13:52:17.727 +05:30 [INF] Request finished HTTP/2 GET https://localhost:7077/swagger/v1/swagger.json - 200 null application/json;charset=utf-8 149.2971ms
2026-06-06 13:52:45.755 +05:30 [INF] Request starting HTTP/2 GET https://localhost:7077/api/v1/Admin/stats - null null
2026-06-06 13:52:45.794 +05:30 [INF] Authorization failed. These requirements were not met:
RolesAuthorizationRequirement:User.IsInRole must be true for one of the following roles: (Admin)
2026-06-06 13:52:45.802 +05:30 [INF] AuthenticationScheme: Bearer was challenged.
2026-06-06 13:52:45.806 +05:30 [INF] Request finished HTTP/2 GET https://localhost:7077/api/v1/Admin/stats - 401 0 null 51.2609ms
2026-06-06 13:55:56.881 +05:30 [INF] Request starting HTTP/2 POST https://localhost:7077/api/v1/Auth/login - application/json 63
2026-06-06 13:55:56.907 +05:30 [INF] CORS policy execution failed.
2026-06-06 13:55:56.913 +05:30 [INF] Request origin https://localhost:7077 does not have permission to access the resource.
2026-06-06 13:55:56.917 +05:30 [INF] Executing endpoint 'CozyHavenStay.API.Controllers.AuthController.Login (CozyHavenStay.API)'
2026-06-06 13:55:56.925 +05:30 [INF] Route matched with {action = "Login", controller = "Auth"}. Executing controller action with signature System.Threading.Tasks.Task`1[Microsoft.AspNetCore.Mvc.IActionResult] Login(CozyHavenStay.API.DTOs.LoginDto) on controller CozyHavenStay.API.Controllers.AuthController (CozyHavenStay.API).
2026-06-06 13:55:57.005 +05:30 [INF] Executed DbCommand (20ms) [Parameters=[@login_Email='?' (Size = 4000)], CommandType='"Text"', CommandTimeout='30']
SELECT TOP(1) [u].[UserId], [u].[Address], [u].[CreatedAt], [u].[Email], [u].[FullName], [u].[Gender], [u].[IsActive], [u].[Password], [u].[PhoneNumber], [u].[Role]
FROM [Users] AS [u]
WHERE [u].[Email] = @login_Email
2026-06-06 13:55:57.353 +05:30 [INF] Executing OkObjectResult, writing value of type '<>f__AnonymousType7`4[[System.String, System.Private.CoreLib, Version=10.0.0.0, Culture=neutral, PublicKeyToken=7cec85d7bea7798e],[System.String, System.Private.CoreLib, Version=10.0.0.0, Culture=neutral, PublicKeyToken=7cec85d7bea7798e],[System.String, System.Private.CoreLib, Version=10.0.0.0, Culture=neutral, PublicKeyToken=7cec85d7bea7798e],[System.Int32, System.Private.CoreLib, Version=10.0.0.0, Culture=neutral, PublicKeyToken=7cec85d7bea7798e]]'.
2026-06-06 13:55:57.594 +05:30 [INF] Executed action CozyHavenStay.API.Controllers.AuthController.Login (CozyHavenStay.API) in 661.9915ms
2026-06-06 13:55:57.600 +05:30 [INF] Executed endpoint 'CozyHavenStay.API.Controllers.AuthController.Login (CozyHavenStay.API)'
2026-06-06 13:55:57.609 +05:30 [INF] Request finished HTTP/2 POST https://localhost:7077/api/v1/Auth/login - 200 null application/json; charset=utf-8 728.0542ms
2026-06-06 13:56:46.450 +05:30 [INF] Request starting HTTP/2 GET https://localhost:7077/api/v1/Admin/stats - null null
2026-06-06 13:56:46.463 +05:30 [INF] Authorization failed. These requirements were not met:
RolesAuthorizationRequirement:User.IsInRole must be true for one of the following roles: (Admin)
2026-06-06 13:56:46.467 +05:30 [INF] AuthenticationScheme: Bearer was challenged.
2026-06-06 13:56:46.478 +05:30 [INF] Request finished HTTP/2 GET https://localhost:7077/api/v1/Admin/stats - 401 0 null 28.0053ms
2026-06-06 13:56:53.387 +05:30 [INF] Request starting HTTP/2 GET https://localhost:7077/api/v1/Admin/stats - null null
2026-06-06 13:56:53.448 +05:30 [INF] Authorization failed. These requirements were not met:
RolesAuthorizationRequirement:User.IsInRole must be true for one of the following roles: (Admin)
2026-06-06 13:56:53.571 +05:30 [INF] AuthenticationScheme: Bearer was challenged.
2026-06-06 13:56:53.626 +05:30 [INF] Request finished HTTP/2 GET https://localhost:7077/api/v1/Admin/stats - 401 0 null 238.3279ms
2026-06-06 13:57:03.012 +05:30 [INF] Request starting HTTP/2 GET https://localhost:7077/api/v1/Admin/revenue-report - null null
2026-06-06 13:57:03.035 +05:30 [INF] Authorization failed. These requirements were not met:
RolesAuthorizationRequirement:User.IsInRole must be true for one of the following roles: (Admin)
2026-06-06 13:57:03.039 +05:30 [INF] AuthenticationScheme: Bearer was challenged.
2026-06-06 13:57:03.042 +05:30 [INF] Request finished HTTP/2 GET https://localhost:7077/api/v1/Admin/revenue-report - 401 0 null 29.6219ms
2026-06-06 13:58:11.155 +05:30 [INF] Request starting HTTP/2 GET https://localhost:7077/api/v1/Admin/users - null null
2026-06-06 13:58:11.191 +05:30 [INF] Authorization failed. These requirements were not met:
RolesAuthorizationRequirement:User.IsInRole must be true for one of the following roles: (Admin)
2026-06-06 13:58:11.198 +05:30 [INF] AuthenticationScheme: Bearer was challenged.
2026-06-06 13:58:11.202 +05:30 [INF] Request finished HTTP/2 GET https://localhost:7077/api/v1/Admin/users - 401 0 null 47.311ms
2026-06-06 14:04:20.679 +05:30 [WRN] No store type was specified for the decimal property 'TotalFare' on entity type 'Booking'. This will cause values to be silently truncated if they do not fit in the default precision and scale. Explicitly specify the SQL server column type that can accommodate all the values in 'OnModelCreating' using 'HasColumnType', specify precision and scale using 'HasPrecision', or configure a value converter using 'HasConversion'.
2026-06-06 14:04:20.836 +05:30 [WRN] No store type was specified for the decimal property 'ExtraCharge' on entity type 'BookingGuest'. This will cause values to be silently truncated if they do not fit in the default precision and scale. Explicitly specify the SQL server column type that can accommodate all the values in 'OnModelCreating' using 'HasColumnType', specify precision and scale using 'HasPrecision', or configure a value converter using 'HasConversion'.
2026-06-06 14:04:20.850 +05:30 [WRN] No store type was specified for the decimal property 'Amount' on entity type 'Payment'. This will cause values to be silently truncated if they do not fit in the default precision and scale. Explicitly specify the SQL server column type that can accommodate all the values in 'OnModelCreating' using 'HasColumnType', specify precision and scale using 'HasPrecision', or configure a value converter using 'HasConversion'.
2026-06-06 14:04:20.863 +05:30 [WRN] No store type was specified for the decimal property 'RefundAmount' on entity type 'Refund'. This will cause values to be silently truncated if they do not fit in the default precision and scale. Explicitly specify the SQL server column type that can accommodate all the values in 'OnModelCreating' using 'HasColumnType', specify precision and scale using 'HasPrecision', or configure a value converter using 'HasConversion'.
2026-06-06 14:04:20.869 +05:30 [WRN] No store type was specified for the decimal property 'BaseFare' on entity type 'Room'. This will cause values to be silently truncated if they do not fit in the default precision and scale. Explicitly specify the SQL server column type that can accommodate all the values in 'OnModelCreating' using 'HasColumnType', specify precision and scale using 'HasPrecision', or configure a value converter using 'HasConversion'.
2026-06-06 14:04:22.381 +05:30 [INF] Executed DbCommand (63ms) [Parameters=[], CommandType='"Text"', CommandTimeout='30']
SELECT 1
2026-06-06 14:04:22.750 +05:30 [INF] Executed DbCommand (289ms) [Parameters=[], CommandType='"Text"', CommandTimeout='30']

IF EXISTS
    (SELECT *
     FROM [sys].[objects] o
     WHERE [o].[type] = 'U'
     AND [o].[is_ms_shipped] = 0
     AND [o].[object_id] NOT IN (SELECT [ep].[major_id]
        FROM [sys].[extended_properties] AS [ep]
        WHERE [ep].[minor_id] = 0
            AND [ep].[class] = 1
            AND [ep].[name] = N'microsoft_database_tools_support'
    )
)
SELECT 1 ELSE SELECT 0
2026-06-06 14:04:24.153 +05:30 [INF] Executed DbCommand (33ms) [Parameters=[], CommandType='"Text"', CommandTimeout='30']
SELECT CASE
    WHEN EXISTS (
        SELECT 1
        FROM [Users] AS [u]
        WHERE [u].[Email] = N'admin@cozyhaven.com') THEN CAST(1 AS bit)
    ELSE CAST(0 AS bit)
END
2026-06-06 14:04:24.280 +05:30 [INF] User profile is available. Using 'C:\Users\kamalesh\AppData\Local\ASP.NET\DataProtection-Keys' as key repository and Windows DPAPI to encrypt keys at rest.
2026-06-06 14:04:25.220 +05:30 [INF] Now listening on: https://localhost:7077
2026-06-06 14:04:25.224 +05:30 [INF] Now listening on: http://localhost:5016
2026-06-06 14:04:25.554 +05:30 [INF] Application started. Press Ctrl+C to shut down.
2026-06-06 14:04:25.564 +05:30 [INF] Hosting environment: Development
2026-06-06 14:04:25.571 +05:30 [INF] Content root path: C:\Users\kamalesh\source\repos\training\CozyHavenStay.API
2026-06-06 14:04:27.192 +05:30 [INF] Request starting HTTP/2 GET https://localhost:7077/swagger/index.html - null null
2026-06-06 14:04:28.904 +05:30 [INF] Request finished HTTP/2 GET https://localhost:7077/swagger/index.html - 304 null null 1815.3349ms
2026-06-06 14:04:29.045 +05:30 [INF] Request starting HTTP/2 GET https://localhost:7077/swagger/swagger-ui-standalone-preset.js - null null
2026-06-06 14:04:29.045 +05:30 [INF] Request starting HTTP/2 GET https://localhost:7077/_framework/aspnetcore-browser-refresh.js - null null
2026-06-06 14:04:28.940 +05:30 [INF] Request starting HTTP/2 GET https://localhost:7077/swagger/index.css - null null
2026-06-06 14:04:28.941 +05:30 [INF] Request starting HTTP/2 GET https://localhost:7077/swagger/swagger-ui.css - null null
2026-06-06 14:04:28.946 +05:30 [INF] Request starting HTTP/2 GET https://localhost:7077/swagger/swagger-ui-bundle.js - null null
2026-06-06 14:04:29.074 +05:30 [INF] Request starting HTTP/2 GET https://localhost:7077/_vs/browserLink - null null
2026-06-06 14:04:29.047 +05:30 [INF] Request starting HTTP/2 GET https://localhost:7077/swagger/index.js - null null
2026-06-06 14:04:29.339 +05:30 [INF] Request finished HTTP/2 GET https://localhost:7077/swagger/swagger-ui-standalone-preset.js - 304 null null 293.0889ms
2026-06-06 14:04:29.452 +05:30 [INF] Request finished HTTP/2 GET https://localhost:7077/swagger/index.css - 304 null null 511.5952ms
2026-06-06 14:04:29.474 +05:30 [INF] Request finished HTTP/2 GET https://localhost:7077/swagger/swagger-ui.css - 304 null null 532.6218ms
2026-06-06 14:04:29.501 +05:30 [INF] Request finished HTTP/2 GET https://localhost:7077/swagger/swagger-ui-bundle.js - 304 null null 554.2751ms
2026-06-06 14:04:29.502 +05:30 [INF] Request finished HTTP/2 GET https://localhost:7077/swagger/index.js - 304 null null 454.6555ms
2026-06-06 14:04:29.420 +05:30 [INF] Request finished HTTP/2 GET https://localhost:7077/_framework/aspnetcore-browser-refresh.js - 200 14939 application/javascript; charset=utf-8 374.6294ms
2026-06-06 14:04:29.649 +05:30 [INF] Request finished HTTP/2 GET https://localhost:7077/_vs/browserLink - 200 null text/javascript; charset=UTF-8 576.7501ms
2026-06-06 14:04:29.818 +05:30 [INF] Request starting HTTP/2 GET https://localhost:7077/swagger/v1/swagger.json - null null
2026-06-06 14:04:29.950 +05:30 [INF] Request finished HTTP/2 GET https://localhost:7077/swagger/v1/swagger.json - 200 null application/json;charset=utf-8 132.6349ms
2026-06-06 14:05:20.545 +05:30 [INF] Request starting HTTP/2 POST https://localhost:7077/api/v1/Auth/login - application/json 63
2026-06-06 14:05:20.690 +05:30 [INF] CORS policy execution failed.
2026-06-06 14:05:20.694 +05:30 [INF] Request origin https://localhost:7077 does not have permission to access the resource.
2026-06-06 14:05:21.340 +05:30 [INF] Executing endpoint 'CozyHavenStay.API.Controllers.AuthController.Login (CozyHavenStay.API)'
2026-06-06 14:05:21.553 +05:30 [INF] Route matched with {action = "Login", controller = "Auth"}. Executing controller action with signature System.Threading.Tasks.Task`1[Microsoft.AspNetCore.Mvc.IActionResult] Login(CozyHavenStay.API.DTOs.LoginDto) on controller CozyHavenStay.API.Controllers.AuthController (CozyHavenStay.API).
2026-06-06 14:05:23.073 +05:30 [INF] Executed DbCommand (351ms) [Parameters=[@login_Email='?' (Size = 4000)], CommandType='"Text"', CommandTimeout='30']
SELECT TOP(1) [u].[UserId], [u].[Address], [u].[CreatedAt], [u].[Email], [u].[FullName], [u].[Gender], [u].[IsActive], [u].[Password], [u].[PhoneNumber], [u].[Role]
FROM [Users] AS [u]
WHERE [u].[Email] = @login_Email
2026-06-06 14:05:24.639 +05:30 [INF] Executing OkObjectResult, writing value of type '<>f__AnonymousType7`4[[System.String, System.Private.CoreLib, Version=10.0.0.0, Culture=neutral, PublicKeyToken=7cec85d7bea7798e],[System.String, System.Private.CoreLib, Version=10.0.0.0, Culture=neutral, PublicKeyToken=7cec85d7bea7798e],[System.String, System.Private.CoreLib, Version=10.0.0.0, Culture=neutral, PublicKeyToken=7cec85d7bea7798e],[System.Int32, System.Private.CoreLib, Version=10.0.0.0, Culture=neutral, PublicKeyToken=7cec85d7bea7798e]]'.
2026-06-06 14:05:24.693 +05:30 [INF] Executed action CozyHavenStay.API.Controllers.AuthController.Login (CozyHavenStay.API) in 2902.2852ms
2026-06-06 14:05:24.699 +05:30 [INF] Executed endpoint 'CozyHavenStay.API.Controllers.AuthController.Login (CozyHavenStay.API)'
2026-06-06 14:05:24.724 +05:30 [INF] Request finished HTTP/2 POST https://localhost:7077/api/v1/Auth/login - 200 null application/json; charset=utf-8 4179.0375ms
2026-06-06 14:06:21.490 +05:30 [INF] Request starting HTTP/2 GET https://localhost:7077/api/v1/Admin/stats - null null
2026-06-06 14:06:21.689 +05:30 [INF] Authorization failed. These requirements were not met:
RolesAuthorizationRequirement:User.IsInRole must be true for one of the following roles: (Admin)
2026-06-06 14:06:21.712 +05:30 [INF] AuthenticationScheme: Bearer was challenged.
2026-06-06 14:06:21.717 +05:30 [INF] Request finished HTTP/2 GET https://localhost:7077/api/v1/Admin/stats - 401 0 null 226.282ms
2026-06-06 14:06:25.862 +05:30 [INF] Request starting HTTP/2 GET https://localhost:7077/api/v1/Admin/stats - null null
2026-06-06 14:06:25.889 +05:30 [INF] Authorization failed. These requirements were not met:
RolesAuthorizationRequirement:User.IsInRole must be true for one of the following roles: (Admin)
2026-06-06 14:06:25.893 +05:30 [INF] AuthenticationScheme: Bearer was challenged.
2026-06-06 14:06:25.896 +05:30 [INF] Request finished HTTP/2 GET https://localhost:7077/api/v1/Admin/stats - 401 0 null 34.3178ms
2026-06-06 14:06:36.611 +05:30 [INF] Request starting HTTP/2 GET https://localhost:7077/api/v1/Admin/revenue-report - null null
2026-06-06 14:06:36.989 +05:30 [INF] Authorization failed. These requirements were not met:
RolesAuthorizationRequirement:User.IsInRole must be true for one of the following roles: (Admin)
2026-06-06 14:06:37.023 +05:30 [INF] AuthenticationScheme: Bearer was challenged.
2026-06-06 14:06:37.029 +05:30 [INF] Request finished HTTP/2 GET https://localhost:7077/api/v1/Admin/revenue-report - 401 0 null 417.8571ms
2026-06-06 14:06:45.174 +05:30 [INF] Request starting HTTP/2 GET https://localhost:7077/api/v1/Admin/users - null null
2026-06-06 14:06:45.382 +05:30 [INF] Authorization failed. These requirements were not met:
RolesAuthorizationRequirement:User.IsInRole must be true for one of the following roles: (Admin)
2026-06-06 14:06:45.405 +05:30 [INF] AuthenticationScheme: Bearer was challenged.
2026-06-06 14:06:45.412 +05:30 [INF] Request finished HTTP/2 GET https://localhost:7077/api/v1/Admin/users - 401 0 null 238.1649ms
2026-06-06 14:06:54.647 +05:30 [INF] Request starting HTTP/2 POST https://localhost:7077/api/v1/Auth/register - application/json 253
2026-06-06 14:06:54.670 +05:30 [INF] CORS policy execution failed.
2026-06-06 14:06:54.672 +05:30 [INF] Request origin https://localhost:7077 does not have permission to access the resource.
2026-06-06 14:06:54.676 +05:30 [INF] Executing endpoint 'CozyHavenStay.API.Controllers.AuthController.Register (CozyHavenStay.API)'
2026-06-06 14:06:54.704 +05:30 [INF] Route matched with {action = "Register", controller = "Auth"}. Executing controller action with signature System.Threading.Tasks.Task`1[Microsoft.AspNetCore.Mvc.IActionResult] Register(CozyHavenStay.API.Models.User) on controller CozyHavenStay.API.Controllers.AuthController (CozyHavenStay.API).
2026-06-06 14:06:54.793 +05:30 [INF] Executing BadRequestObjectResult, writing value of type 'Microsoft.AspNetCore.Mvc.ValidationProblemDetails'.
2026-06-06 14:06:54.853 +05:30 [INF] Executed action CozyHavenStay.API.Controllers.AuthController.Register (CozyHavenStay.API) in 144.8471ms
2026-06-06 14:06:54.866 +05:30 [INF] Executed endpoint 'CozyHavenStay.API.Controllers.AuthController.Register (CozyHavenStay.API)'
2026-06-06 14:06:54.927 +05:30 [INF] Request finished HTTP/2 POST https://localhost:7077/api/v1/Auth/register - 400 null application/problem+json; charset=utf-8 280.1872ms
2026-06-06 14:07:11.313 +05:30 [INF] Request starting HTTP/2 GET https://localhost:7077/api/v1/Admin/stats - null null
2026-06-06 14:07:11.339 +05:30 [INF] Authorization failed. These requirements were not met:
RolesAuthorizationRequirement:User.IsInRole must be true for one of the following roles: (Admin)
2026-06-06 14:07:11.344 +05:30 [INF] AuthenticationScheme: Bearer was challenged.
2026-06-06 14:07:11.350 +05:30 [INF] Request finished HTTP/2 GET https://localhost:7077/api/v1/Admin/stats - 401 0 null 36.9911ms
2026-06-06 14:09:07.882 +05:30 [INF] Request starting HTTP/1.1 GET https://localhost:7077/swagger/v1/swagger.json - null null
2026-06-06 14:09:07.946 +05:30 [INF] Request finished HTTP/1.1 GET https://localhost:7077/swagger/v1/swagger.json - 200 null application/json;charset=utf-8 64.6787ms
